mini_hessian_batch_size 200
hessian_batch_size 8000
seed 1
batch_norm True
residual True
cuda True
resume checkpoints/net.pkl
eigenvalue True
trace False
density False
ip 172.17.0.2
device_count 6
Files already downloaded and verified
[7, 7, 7, 7, 6, 6]
0
1
2
3
4
5
6
7
8
9
0
1
2
3
4
5
6
7
8
9
0
1
2
3
4
5
6
7
8
9
0
1
2
3
4
5
6
7
8
9
0
1
2
3
4
5
6
7
8
9
Time to bcast Hv: 4.200102
0
Time to forward Hv: 0.458105
Time to back Hv: 0.015663
Time to back2 Hv: 0.810384
Time to forward Hv: 0.005761
Time to back Hv: 0.008297
Time to back2 Hv: 0.807051
Time to forward Hv: 0.005741
Time to back Hv: 0.008099
Time to back2 Hv: 0.808454
Time to forward Hv: 0.006485
Time to back Hv: 0.008130
Time to back2 Hv: 0.807241
Time to forward Hv: 0.006488
Time to back Hv: 0.008609
Time to back2 Hv: 0.808423
Time to forward Hv: 0.006439
Time to back Hv: 0.007890
Time to back2 Hv: 0.809323
Time to forward Hv: 0.005603
Time to back Hv: 0.008960
Time to back2 Hv: 0.808675
Time to reduce Hv: 0.132625
1
Time to forward Hv: 0.008055
Time to back Hv: 0.012352
Time to back2 Hv: 0.797769
Time to forward Hv: 0.005749
Time to back Hv: 0.009151
Time to back2 Hv: 0.806991
Time to forward Hv: 0.005809
Time to back Hv: 0.007906
Time to back2 Hv: 0.804767
Time to forward Hv: 0.005826
Time to back Hv: 0.008110
Time to back2 Hv: 0.804195
Time to forward Hv: 0.006181
Time to back Hv: 0.007755
Time to back2 Hv: 0.805014
Time to forward Hv: 0.005817
Time to back Hv: 0.007757
Time to back2 Hv: 0.808045
Time to forward Hv: 0.005776
Time to back Hv: 0.007549
Time to back2 Hv: 0.807926
Time to reduce Hv: 0.127661
2
Time to forward Hv: 0.006809
Time to back Hv: 0.011609
Time to back2 Hv: 0.804491
Time to forward Hv: 0.007043
Time to back Hv: 0.009839
Time to back2 Hv: 0.809696
Time to forward Hv: 0.006929
Time to back Hv: 0.009248
Time to back2 Hv: 0.807731
Time to forward Hv: 0.007061
Time to back Hv: 0.009455
Time to back2 Hv: 0.806875
Time to forward Hv: 0.007032
Time to back Hv: 0.009495
Time to back2 Hv: 0.806699
Time to forward Hv: 0.007238
Time to back Hv: 0.009344
Time to back2 Hv: 0.806179
Time to forward Hv: 0.009434
Time to back Hv: 0.010479
Time to back2 Hv: 0.809054
Time to reduce Hv: 0.198909
3
Time to forward Hv: 0.008168
Time to back Hv: 0.011756
Time to back2 Hv: 0.803640
Time to forward Hv: 0.006846
Time to back Hv: 0.010891
Time to back2 Hv: 0.809539
Time to forward Hv: 0.006757
Time to back Hv: 0.009287
Time to back2 Hv: 0.812021
Time to forward Hv: 0.006956
Time to back Hv: 0.009191
Time to back2 Hv: 0.812950
Time to forward Hv: 0.006874
Time to back Hv: 0.009209
Time to back2 Hv: 0.811136
Time to forward Hv: 0.006855
Time to back Hv: 0.009158
Time to back2 Hv: 0.814422
Time to forward Hv: 0.006773
Time to back Hv: 0.009069
Time to back2 Hv: 0.811873
Time to reduce Hv: 0.247797
4
Time to forward Hv: 0.007582
Time to back Hv: 0.009526
Time to back2 Hv: 0.804970
Time to forward Hv: 0.006835
Time to back Hv: 0.009199
Time to back2 Hv: 0.807688
Time to forward Hv: 0.006918
Time to back Hv: 0.009344
Time to back2 Hv: 0.808329
Time to forward Hv: 0.007636
Time to back Hv: 0.009532
Time to back2 Hv: 0.807208
Time to forward Hv: 0.005811
Time to back Hv: 0.007795
Time to back2 Hv: 0.811971
Time to forward Hv: 0.005781
Time to back Hv: 0.007891
Time to back2 Hv: 0.812712
Time to forward Hv: 0.005607
Time to back Hv: 0.007791
Time to back2 Hv: 0.811764
Time to reduce Hv: 0.313883
5
Time to forward Hv: 0.007161
Time to back Hv: 0.009820
Time to back2 Hv: 0.805074
Time to forward Hv: 0.006718
Time to back Hv: 0.009140
Time to back2 Hv: 0.810646
Time to forward Hv: 0.006707
Time to back Hv: 0.009262
Time to back2 Hv: 0.811576
Time to forward Hv: 0.006619
Time to back Hv: 0.009038
Time to back2 Hv: 0.812407
Time to forward Hv: 0.006684
Time to back Hv: 0.009085
Time to back2 Hv: 0.810756
Time to forward Hv: 0.006692
Time to back Hv: 0.009140
Time to back2 Hv: 0.811040
Time to forward Hv: 0.006840
Time to back Hv: 0.009300
Time to back2 Hv: 0.810327
Time to reduce Hv: 0.305677
6
Time to forward Hv: 0.009834
Time to back Hv: 0.013231
Time to back2 Hv: 0.809413
Time to forward Hv: 0.006923
Time to back Hv: 0.009295
Time to back2 Hv: 0.816149
Time to forward Hv: 0.007225
Time to back Hv: 0.009236
Time to back2 Hv: 0.817180
Time to forward Hv: 0.006869
Time to back Hv: 0.009226
Time to back2 Hv: 0.818956
Time to forward Hv: 0.006926
Time to back Hv: 0.009274
Time to back2 Hv: 0.815002
Time to forward Hv: 0.006972
Time to back Hv: 0.009112
Time to back2 Hv: 0.817370
Time to forward Hv: 0.006670
Time to back Hv: 0.009008
Time to back2 Hv: 0.816103
Time to reduce Hv: 0.250092
7
Time to forward Hv: 0.007425
Time to back Hv: 0.011391
Time to back2 Hv: 0.811402
Time to forward Hv: 0.006762
Time to back Hv: 0.009285
Time to back2 Hv: 0.816114
Time to forward Hv: 0.006696
Time to back Hv: 0.008894
Time to back2 Hv: 0.816576
Time to forward Hv: 0.007198
Time to back Hv: 0.009979
Time to back2 Hv: 0.816158
Time to forward Hv: 0.007184
Time to back Hv: 0.009190
Time to back2 Hv: 0.818603
Time to forward Hv: 0.007073
Time to back Hv: 0.009189
Time to back2 Hv: 0.817510
Time to forward Hv: 0.006791
Time to back Hv: 0.009065
Time to back2 Hv: 0.816423
Time to reduce Hv: 0.252749
8
Time to forward Hv: 0.008071
Time to back Hv: 0.012627
Time to back2 Hv: 0.805666
Time to forward Hv: 0.006860
Time to back Hv: 0.009508
Time to back2 Hv: 0.811644
Time to forward Hv: 0.006698
Time to back Hv: 0.009132
Time to back2 Hv: 0.815107
Time to forward Hv: 0.006959
Time to back Hv: 0.009180
Time to back2 Hv: 0.812726
Time to forward Hv: 0.006716
Time to back Hv: 0.009129
Time to back2 Hv: 0.812535
Time to forward Hv: 0.006727
Time to back Hv: 0.009247
Time to back2 Hv: 0.810625
Time to forward Hv: 0.006686
Time to back Hv: 0.009136
Time to back2 Hv: 0.812527
Time to reduce Hv: 0.342460
9
Time to forward Hv: 0.010713
Time to back Hv: 0.010319
Time to back2 Hv: 0.807707
Time to forward Hv: 0.006818
Time to back Hv: 0.014823
Time to back2 Hv: 0.806681
Time to forward Hv: 0.006773
Time to back Hv: 0.010148
Time to back2 Hv: 0.814144
Time to forward Hv: 0.006823
Time to back Hv: 0.009088
Time to back2 Hv: 0.810910
Time to forward Hv: 0.007074
Time to back Hv: 0.009144
Time to back2 Hv: 0.813663
Time to forward Hv: 0.007008
Time to back Hv: 0.009201
Time to back2 Hv: 0.814250
Time to forward Hv: 0.006647
Time to back Hv: 0.009095
Time to back2 Hv: 0.813228
Time to reduce Hv: 0.351481
Time to total Hv: 64.784058
[141.67884826660156]
Time to compute top eigenvalue: 78.720196
