mini_hessian_batch_size 200
hessian_batch_size 8000
seed 1
batch_norm True
residual True
cuda True
resume checkpoints/net.pkl
eigenvalue True
trace False
density False
ip 172.17.0.3
device_count 1
Files already downloaded and verified
[40]
Time to bcast Hv: 0.013972
0
Time to forward Hv: 0.455765
Time to back Hv: 0.028147
Time to back2 Hv: 0.783888
Time to forward Hv: 0.041329
Time to back Hv: 0.011535
Time to back2 Hv: 0.754349
Time to forward Hv: 0.034526
Time to back Hv: 0.014161
Time to back2 Hv: 0.751169
Time to forward Hv: 0.034900
Time to back Hv: 0.012029
Time to back2 Hv: 0.753163
Time to forward Hv: 0.034864
Time to back Hv: 0.010885
Time to back2 Hv: 0.753282
Time to forward Hv: 0.035558
Time to back Hv: 0.012250
Time to back2 Hv: 0.756552
Time to forward Hv: 0.038127
Time to back Hv: 0.010730
Time to back2 Hv: 0.751613
Time to forward Hv: 0.038407
Time to back Hv: 0.007946
Time to back2 Hv: 0.757646
Time to forward Hv: 0.035769
Time to back Hv: 0.010953
Time to back2 Hv: 0.756131
Time to forward Hv: 0.035106
Time to back Hv: 0.011142
Time to back2 Hv: 0.757963
Time to forward Hv: 0.035498
Time to back Hv: 0.012611
Time to back2 Hv: 0.757958
Time to forward Hv: 0.035045
Time to back Hv: 0.012488
Time to back2 Hv: 0.760168
Time to forward Hv: 0.034956
Time to back Hv: 0.008068
Time to back2 Hv: 0.760458
Time to forward Hv: 0.034496
Time to back Hv: 0.007892
Time to back2 Hv: 0.758359
Time to forward Hv: 0.035105
Time to back Hv: 0.011402
Time to back2 Hv: 0.754680
Time to forward Hv: 0.035411
Time to back Hv: 0.017032
Time to back2 Hv: 0.754421
Time to forward Hv: 0.035061
Time to back Hv: 0.012117
Time to back2 Hv: 0.761095
Time to forward Hv: 0.035439
Time to back Hv: 0.012358
Time to back2 Hv: 0.757323
Time to forward Hv: 0.035055
Time to back Hv: 0.011848
Time to back2 Hv: 0.756308
Time to forward Hv: 0.038628
Time to back Hv: 0.011553
Time to back2 Hv: 0.755415
Time to forward Hv: 0.031412
Time to back Hv: 0.010915
Time to back2 Hv: 0.758423
Time to forward Hv: 0.038416
Time to back Hv: 0.011970
Time to back2 Hv: 0.753746
Time to forward Hv: 0.038295
Time to back Hv: 0.010778
Time to back2 Hv: 0.753884
Time to forward Hv: 0.038049
Time to back Hv: 0.007532
Time to back2 Hv: 0.762641
Time to forward Hv: 0.034716
Time to back Hv: 0.011815
Time to back2 Hv: 0.758921
Time to forward Hv: 0.038669
Time to back Hv: 0.012813
Time to back2 Hv: 0.755527
Time to forward Hv: 0.036583
Time to back Hv: 0.011513
Time to back2 Hv: 0.758568
Time to forward Hv: 0.038044
Time to back Hv: 0.012839
Time to back2 Hv: 0.756687
Time to forward Hv: 0.035150
Time to back Hv: 0.011830
Time to back2 Hv: 0.761184
Time to forward Hv: 0.034861
Time to back Hv: 0.012942
Time to back2 Hv: 0.758361
Time to forward Hv: 0.035579
Time to back Hv: 0.010187
Time to back2 Hv: 0.758907
Time to forward Hv: 0.038523
Time to back Hv: 0.011347
Time to back2 Hv: 0.758076
Time to forward Hv: 0.035109
Time to back Hv: 0.018304
Time to back2 Hv: 0.761966
Time to forward Hv: 0.034971
Time to back Hv: 0.010711
Time to back2 Hv: 0.762631
Time to forward Hv: 0.034642
Time to back Hv: 0.012803
Time to back2 Hv: 0.760872
Time to forward Hv: 0.034956
Time to back Hv: 0.011369
Time to back2 Hv: 0.762255
Time to forward Hv: 0.035046
Time to back Hv: 0.010114
Time to back2 Hv: 0.761421
Time to forward Hv: 0.037667
Time to back Hv: 0.010286
Time to back2 Hv: 0.761907
Time to forward Hv: 0.035076
Time to back Hv: 0.013125
Time to back2 Hv: 0.762231
Time to forward Hv: 0.035758
Time to back Hv: 0.011907
Time to back2 Hv: 0.764700
Time to reduce Hv: 0.038718
1
Time to forward Hv: 0.016528
Time to back Hv: 0.011140
Time to back2 Hv: 0.772406
Time to forward Hv: 0.037060
Time to back Hv: 0.010847
Time to back2 Hv: 0.775242
Time to forward Hv: 0.034748
Time to back Hv: 0.010689
Time to back2 Hv: 0.772128
Time to forward Hv: 0.035706
Time to back Hv: 0.011947
Time to back2 Hv: 0.768629
Time to forward Hv: 0.034835
Time to back Hv: 0.010530
Time to back2 Hv: 0.770990
Time to forward Hv: 0.036245
Time to back Hv: 0.012109
Time to back2 Hv: 0.769009
Time to forward Hv: 0.038909
Time to back Hv: 0.010785
Time to back2 Hv: 0.772260
Time to forward Hv: 0.038718
Time to back Hv: 0.010217
Time to back2 Hv: 0.772748
Time to forward Hv: 0.035162
Time to back Hv: 0.011028
Time to back2 Hv: 0.774514
Time to forward Hv: 0.034905
Time to back Hv: 0.011090
Time to back2 Hv: 0.774076
Time to forward Hv: 0.034492
Time to back Hv: 0.011924
Time to back2 Hv: 0.771944
Time to forward Hv: 0.034729
Time to back Hv: 0.013005
Time to back2 Hv: 0.773624
Time to forward Hv: 0.034922
Time to back Hv: 0.012966
Time to back2 Hv: 0.775122
Time to forward Hv: 0.035064
Time to back Hv: 0.011546
Time to back2 Hv: 0.774591
Time to forward Hv: 0.034833
Time to back Hv: 0.010543
Time to back2 Hv: 0.776136
Time to forward Hv: 0.038231
Time to back Hv: 0.010359
Time to back2 Hv: 0.774556
Time to forward Hv: 0.034969
Time to back Hv: 0.007633
Time to back2 Hv: 0.776056
Time to forward Hv: 0.034472
Time to back Hv: 0.012580
Time to back2 Hv: 0.775366
Time to forward Hv: 0.034723
Time to back Hv: 0.010865
Time to back2 Hv: 0.773841
Time to forward Hv: 0.034881
Time to back Hv: 0.012434
Time to back2 Hv: 0.775349
Time to forward Hv: 0.035399
Time to back Hv: 0.011129
Time to back2 Hv: 0.777905
Time to forward Hv: 0.035299
Time to back Hv: 0.011105
Time to back2 Hv: 0.776851
Time to forward Hv: 0.035354
Time to back Hv: 0.012541
Time to back2 Hv: 0.775656
Time to forward Hv: 0.035336
Time to back Hv: 0.012213
Time to back2 Hv: 0.777336
Time to forward Hv: 0.035445
Time to back Hv: 0.011279
Time to back2 Hv: 0.776478
Time to forward Hv: 0.037781
Time to back Hv: 0.011329
Time to back2 Hv: 0.774765
Time to forward Hv: 0.036067
Time to back Hv: 0.011568
Time to back2 Hv: 0.778687
Time to forward Hv: 0.035075
Time to back Hv: 0.011612
Time to back2 Hv: 0.778133
Time to forward Hv: 0.034813
Time to back Hv: 0.007735
Time to back2 Hv: 0.779207
Time to forward Hv: 0.034926
Time to back Hv: 0.007655
Time to back2 Hv: 0.780092
Time to forward Hv: 0.034919
Time to back Hv: 0.007676
Time to back2 Hv: 0.779543
Time to forward Hv: 0.035523
Time to back Hv: 0.013222
Time to back2 Hv: 0.778620
Time to forward Hv: 0.035403
Time to back Hv: 0.011976
Time to back2 Hv: 0.780256
Time to forward Hv: 0.035257
Time to back Hv: 0.013288
Time to back2 Hv: 0.777704
Time to forward Hv: 0.036486
Time to back Hv: 0.011502
Time to back2 Hv: 0.775242
Time to forward Hv: 0.037848
Time to back Hv: 0.010300
Time to back2 Hv: 0.777457
Time to forward Hv: 0.038600
Time to back Hv: 0.012360
Time to back2 Hv: 0.775693
Time to forward Hv: 0.038170
Time to back Hv: 0.012094
Time to back2 Hv: 0.776235
Time to forward Hv: 0.035442
Time to back Hv: 0.010820
Time to back2 Hv: 0.778153
Time to forward Hv: 0.039442
Time to back Hv: 0.008062
Time to back2 Hv: 0.781904
Time to reduce Hv: 0.036285
Time to total Hv: 67.316997
2
Time to forward Hv: 0.013101
Time to back Hv: 0.013778
Time to back2 Hv: 0.778483
Time to forward Hv: 0.037565
Time to back Hv: 0.012096
Time to back2 Hv: 0.777765
Time to forward Hv: 0.038892
Time to back Hv: 0.008143
Time to back2 Hv: 0.777867
Time to forward Hv: 0.039215
Time to back Hv: 0.013334
Time to back2 Hv: 0.776708
Time to forward Hv: 0.039230
Time to back Hv: 0.011938
Time to back2 Hv: 0.778047
Time to forward Hv: 0.035110
Time to back Hv: 0.011279
Time to back2 Hv: 0.778376
Time to forward Hv: 0.034910
Time to back Hv: 0.013147
Time to back2 Hv: 0.778360
Time to forward Hv: 0.034549
Time to back Hv: 0.010804
Time to back2 Hv: 0.778315
Time to forward Hv: 0.034773
Time to back Hv: 0.012500
Time to back2 Hv: 0.779297
Time to forward Hv: 0.034779
Time to back Hv: 0.013022
Time to back2 Hv: 0.781174
Time to forward Hv: 0.034556
Time to back Hv: 0.012909
Time to back2 Hv: 0.781015
Time to forward Hv: 0.034950
Time to back Hv: 0.012139
Time to back2 Hv: 0.782848
Time to forward Hv: 0.034827
Time to back Hv: 0.011939
Time to back2 Hv: 0.781218
Time to forward Hv: 0.034880
Time to back Hv: 0.013557
Time to back2 Hv: 0.780412
Time to forward Hv: 0.036561
Time to back Hv: 0.012876
Time to back2 Hv: 0.779711
Time to forward Hv: 0.034888
Time to back Hv: 0.011090
Time to back2 Hv: 0.781839
Time to forward Hv: 0.034915
Time to back Hv: 0.011501
Time to back2 Hv: 0.782222
Time to forward Hv: 0.034829
Time to back Hv: 0.011578
Time to back2 Hv: 0.783927
Time to forward Hv: 0.034990
Time to back Hv: 0.012117
Time to back2 Hv: 0.783314
Time to forward Hv: 0.034890
Time to back Hv: 0.012555
Time to back2 Hv: 0.782823
Time to forward Hv: 0.034998
Time to back Hv: 0.012773
Time to back2 Hv: 0.784483
Time to forward Hv: 0.034940
Time to back Hv: 0.011814
Time to back2 Hv: 0.783646
Time to forward Hv: 0.034901
Time to back Hv: 0.012142
Time to back2 Hv: 0.782717
Time to forward Hv: 0.036482
Time to back Hv: 0.011316
Time to back2 Hv: 0.781263
Time to forward Hv: 0.034670
Time to back Hv: 0.013475
Time to back2 Hv: 0.784546
Time to forward Hv: 0.034768
Time to back Hv: 0.012601
Time to back2 Hv: 0.783425
Time to forward Hv: 0.038949
Time to back Hv: 0.012923
Time to back2 Hv: 0.778040
Time to forward Hv: 0.038548
Time to back Hv: 0.012548
Time to back2 Hv: 0.780321
Time to forward Hv: 0.034740
Time to back Hv: 0.011144
Time to back2 Hv: 0.785828
Time to forward Hv: 0.034987
Time to back Hv: 0.012876
Time to back2 Hv: 0.783703
Time to forward Hv: 0.035020
Time to back Hv: 0.011168
Time to back2 Hv: 0.785068
Time to forward Hv: 0.034795
Time to back Hv: 0.012655
Time to back2 Hv: 0.784324
Time to forward Hv: 0.035021
Time to back Hv: 0.011240
Time to back2 Hv: 0.784814
Time to forward Hv: 0.035158
Time to back Hv: 0.012267
Time to back2 Hv: 0.785527
Time to forward Hv: 0.035005
Time to back Hv: 0.011574
Time to back2 Hv: 0.783276
Time to forward Hv: 0.035118
Time to back Hv: 0.011680
Time to back2 Hv: 0.785948
Time to forward Hv: 0.035017
Time to back Hv: 0.013721
Time to back2 Hv: 0.785435
Time to forward Hv: 0.035087
Time to back Hv: 0.011025
Time to back2 Hv: 0.782942
Time to forward Hv: 0.039065
Time to back Hv: 0.013083
Time to back2 Hv: 0.779121
Time to forward Hv: 0.038795
Time to back Hv: 0.010466
Time to back2 Hv: 0.785791
Time to reduce Hv: 0.051301
3
Time to forward Hv: 0.013218
Time to back Hv: 0.016824
Time to back2 Hv: 0.774717
Time to forward Hv: 0.037172
Time to back Hv: 0.012139
Time to back2 Hv: 0.777278
Time to forward Hv: 0.035473
Time to back Hv: 0.011437
Time to back2 Hv: 0.777994
Time to forward Hv: 0.034911
Time to back Hv: 0.011176
Time to back2 Hv: 0.777010
Time to forward Hv: 0.035236
Time to back Hv: 0.012460
Time to back2 Hv: 0.776677
Time to forward Hv: 0.035186
Time to back Hv: 0.011388
Time to back2 Hv: 0.776823
Time to forward Hv: 0.035229
Time to back Hv: 0.012430
Time to back2 Hv: 0.778358
Time to forward Hv: 0.034786
Time to back Hv: 0.012851
Time to back2 Hv: 0.775371
Time to forward Hv: 0.035334
Time to back Hv: 0.011552
Time to back2 Hv: 0.777214
Time to forward Hv: 0.035241
Time to back Hv: 0.012894
Time to back2 Hv: 0.781235
Time to forward Hv: 0.039001
Time to back Hv: 0.010858
Time to back2 Hv: 0.777340
Time to forward Hv: 0.035301
Time to back Hv: 0.013539
Time to back2 Hv: 0.780236
Time to forward Hv: 0.039127
Time to back Hv: 0.012555
Time to back2 Hv: 0.777375
Time to forward Hv: 0.036232
Time to back Hv: 0.011356
Time to back2 Hv: 0.777890
Time to forward Hv: 0.034717
Time to back Hv: 0.013449
Time to back2 Hv: 0.779251
Time to forward Hv: 0.035090
Time to back Hv: 0.012289
Time to back2 Hv: 0.778382
Time to forward Hv: 0.034876
Time to back Hv: 0.011964
Time to back2 Hv: 0.778357
Time to forward Hv: 0.034836
Time to back Hv: 0.011602
Time to back2 Hv: 0.777219
Time to forward Hv: 0.034969
Time to back Hv: 0.013555
Time to back2 Hv: 0.778223
Time to forward Hv: 0.034739
Time to back Hv: 0.010913
Time to back2 Hv: 0.779963
Time to forward Hv: 0.035106
Time to back Hv: 0.010921
Time to back2 Hv: 0.778014
Time to forward Hv: 0.035562
Time to back Hv: 0.012051
Time to back2 Hv: 0.782739
Time to forward Hv: 0.035900
Time to back Hv: 0.012595
Time to back2 Hv: 0.774914
Time to forward Hv: 0.035224
Time to back Hv: 0.012075
Time to back2 Hv: 0.778095
Time to forward Hv: 0.038878
Time to back Hv: 0.008616
Time to back2 Hv: 0.781654
Time to forward Hv: 0.036615
Time to back Hv: 0.012264
Time to back2 Hv: 0.777557
Time to forward Hv: 0.038683
Time to back Hv: 0.011161
Time to back2 Hv: 0.777192
Time to forward Hv: 0.035218
Time to back Hv: 0.011497
Time to back2 Hv: 0.779092
Time to forward Hv: 0.035465
Time to back Hv: 0.011439
Time to back2 Hv: 0.779610
Time to forward Hv: 0.035263
Time to back Hv: 0.011657
Time to back2 Hv: 0.781689
Time to forward Hv: 0.034860
Time to back Hv: 0.011177
Time to back2 Hv: 0.779262
Time to forward Hv: 0.035108
Time to back Hv: 0.013493
Time to back2 Hv: 0.779192
Time to forward Hv: 0.034825
Time to back Hv: 0.012607
Time to back2 Hv: 0.779434
Time to forward Hv: 0.034981
Time to back Hv: 0.013576
Time to back2 Hv: 0.783068
Time to forward Hv: 0.038899
Time to back Hv: 0.007795
Time to back2 Hv: 0.783092
Time to forward Hv: 0.038793
Time to back Hv: 0.008543
Time to back2 Hv: 0.781711
Time to forward Hv: 0.038702
Time to back Hv: 0.012807
Time to back2 Hv: 0.780340
Time to forward Hv: 0.035656
Time to back Hv: 0.011900
Time to back2 Hv: 0.778967
Time to forward Hv: 0.035492
Time to back Hv: 0.012780
Time to back2 Hv: 0.781671
Time to forward Hv: 0.039413
Time to back Hv: 0.012280
Time to back2 Hv: 0.781336
Time to reduce Hv: 0.051780
4
Time to forward Hv: 0.012852
Time to back Hv: 0.011173
Time to back2 Hv: 0.784554
Time to forward Hv: 0.039161
Time to back Hv: 0.009796
Time to back2 Hv: 0.783597
Time to forward Hv: 0.038615
Time to back Hv: 0.018020
Time to back2 Hv: 0.789282
Time to forward Hv: 0.035094
Time to back Hv: 0.017832
Time to back2 Hv: 0.790958
Time to forward Hv: 0.034957
Time to back Hv: 0.016637
Time to back2 Hv: 0.791754
Time to forward Hv: 0.038999
Time to back Hv: 0.010032
Time to back2 Hv: 0.788199
Time to forward Hv: 0.038926
Time to back Hv: 0.011407
Time to back2 Hv: 0.789687
Time to forward Hv: 0.036681
Time to back Hv: 0.015047
Time to back2 Hv: 0.788963
Time to forward Hv: 0.034761
Time to back Hv: 0.015392
Time to back2 Hv: 0.790941
Time to forward Hv: 0.035666
Time to back Hv: 0.018340
Time to back2 Hv: 0.791784
Time to forward Hv: 0.035158
Time to back Hv: 0.009518
Time to back2 Hv: 0.790789
Time to forward Hv: 0.034586
Time to back Hv: 0.013447
Time to back2 Hv: 0.791842
Time to forward Hv: 0.035162
Time to back Hv: 0.012520
Time to back2 Hv: 0.792740
Time to forward Hv: 0.035892
Time to back Hv: 0.010632
Time to back2 Hv: 0.793709
Time to forward Hv: 0.035125
Time to back Hv: 0.011982
Time to back2 Hv: 0.792871
Time to forward Hv: 0.034819
Time to back Hv: 0.010927
Time to back2 Hv: 0.791842
Time to forward Hv: 0.035222
Time to back Hv: 0.010978
Time to back2 Hv: 0.789764
Time to forward Hv: 0.037940
Time to back Hv: 0.010466
Time to back2 Hv: 0.788074
Time to forward Hv: 0.036908
Time to back Hv: 0.011106
Time to back2 Hv: 0.791047
Time to forward Hv: 0.035261
Time to back Hv: 0.011051
Time to back2 Hv: 0.791990
Time to forward Hv: 0.034110
Time to back Hv: 0.013126
Time to back2 Hv: 0.790440
Time to forward Hv: 0.036343
Time to back Hv: 0.012711
Time to back2 Hv: 0.792349
Time to forward Hv: 0.035303
Time to back Hv: 0.011501
Time to back2 Hv: 0.791104
Time to forward Hv: 0.035165
Time to back Hv: 0.012246
Time to back2 Hv: 0.792250
Time to forward Hv: 0.035149
Time to back Hv: 0.013210
Time to back2 Hv: 0.794627
Time to forward Hv: 0.035727
Time to back Hv: 0.011307
Time to back2 Hv: 0.793541
Time to forward Hv: 0.035272
Time to back Hv: 0.013002
Time to back2 Hv: 0.792766
Time to forward Hv: 0.035198
Time to back Hv: 0.012612
Time to back2 Hv: 0.793108
Time to forward Hv: 0.035249
Time to back Hv: 0.011792
Time to back2 Hv: 0.790128
Time to forward Hv: 0.039136
Time to back Hv: 0.011193
Time to back2 Hv: 0.785542
Time to forward Hv: 0.036672
Time to back Hv: 0.008532
Time to back2 Hv: 0.791856
Time to forward Hv: 0.038902
Time to back Hv: 0.012365
Time to back2 Hv: 0.791815
Time to forward Hv: 0.035133
Time to back Hv: 0.010306
Time to back2 Hv: 0.793934
Time to forward Hv: 0.035317
Time to back Hv: 0.011853
Time to back2 Hv: 0.792913
Time to forward Hv: 0.034911
Time to back Hv: 0.010190
Time to back2 Hv: 0.795180
Time to forward Hv: 0.035085
Time to back Hv: 0.012641
Time to back2 Hv: 0.793688
Time to forward Hv: 0.035007
Time to back Hv: 0.012881
Time to back2 Hv: 0.794770
Time to forward Hv: 0.035068
Time to back Hv: 0.010533
Time to back2 Hv: 0.794132
Time to forward Hv: 0.035098
Time to back Hv: 0.011965
Time to back2 Hv: 0.793900
Time to forward Hv: 0.034992
Time to back Hv: 0.011234
Time to back2 Hv: 0.792942
Time to reduce Hv: 0.051556
5
Time to forward Hv: 0.015848
Time to back Hv: 0.013972
Time to back2 Hv: 0.789721
Time to forward Hv: 0.040509
Time to back Hv: 0.009433
Time to back2 Hv: 0.794134
Time to forward Hv: 0.035262
Time to back Hv: 0.018739
Time to back2 Hv: 0.794860
Time to forward Hv: 0.035057
Time to back Hv: 0.017834
Time to back2 Hv: 0.794886
Time to forward Hv: 0.034791
Time to back Hv: 0.015577
Time to back2 Hv: 0.794782
Time to forward Hv: 0.035209
Time to back Hv: 0.015938
Time to back2 Hv: 0.795259
Time to forward Hv: 0.035201
Time to back Hv: 0.016438
Time to back2 Hv: 0.795936
Time to forward Hv: 0.035831
Time to back Hv: 0.017380
Time to back2 Hv: 0.795168
Time to forward Hv: 0.035083
Time to back Hv: 0.015306
Time to back2 Hv: 0.794992
Time to forward Hv: 0.035331
Time to back Hv: 0.015200
Time to back2 Hv: 0.793697
Time to forward Hv: 0.035235
Time to back Hv: 0.017498
Time to back2 Hv: 0.792639
Time to forward Hv: 0.035092
Time to back Hv: 0.017030
Time to back2 Hv: 0.792724
Time to forward Hv: 0.038546
Time to back Hv: 0.015377
Time to back2 Hv: 0.790323
Time to forward Hv: 0.038967
Time to back Hv: 0.016759
Time to back2 Hv: 0.789998
Time to forward Hv: 0.037646
Time to back Hv: 0.013592
Time to back2 Hv: 0.790174
Time to forward Hv: 0.038610
Time to back Hv: 0.009286
Time to back2 Hv: 0.791104
Time to forward Hv: 0.038983
Time to back Hv: 0.014035
Time to back2 Hv: 0.791393
Time to forward Hv: 0.038575
Time to back Hv: 0.016779
Time to back2 Hv: 0.791671
Time to forward Hv: 0.037193
Time to back Hv: 0.015168
Time to back2 Hv: 0.790337
Time to forward Hv: 0.039063
Time to back Hv: 0.016551
Time to back2 Hv: 0.790631
Time to forward Hv: 0.037110
Time to back Hv: 0.016546
Time to back2 Hv: 0.793552
Time to forward Hv: 0.036125
Time to back Hv: 0.017153
Time to back2 Hv: 0.795297
Time to forward Hv: 0.035135
Time to back Hv: 0.018402
Time to back2 Hv: 0.796166
Time to forward Hv: 0.035539
Time to back Hv: 0.018286
Time to back2 Hv: 0.789885
Time to forward Hv: 0.036908
Time to back Hv: 0.016219
Time to back2 Hv: 0.789651
Time to forward Hv: 0.035677
Time to back Hv: 0.015559
Time to back2 Hv: 0.794450
Time to forward Hv: 0.035275
Time to back Hv: 0.015384
Time to back2 Hv: 0.791761
Time to forward Hv: 0.035758
Time to back Hv: 0.018143
Time to back2 Hv: 0.792698
Time to forward Hv: 0.036013
Time to back Hv: 0.017531
Time to back2 Hv: 0.792350
Time to forward Hv: 0.035438
Time to back Hv: 0.016666
Time to back2 Hv: 0.795299
Time to forward Hv: 0.035421
Time to back Hv: 0.016664
Time to back2 Hv: 0.795632
Time to forward Hv: 0.035344
Time to back Hv: 0.015378
Time to back2 Hv: 0.798162
Time to forward Hv: 0.035552
Time to back Hv: 0.018059
Time to back2 Hv: 0.799893
Time to forward Hv: 0.035422
Time to back Hv: 0.017984
Time to back2 Hv: 0.799608
Time to forward Hv: 0.035494
Time to back Hv: 0.016618
Time to back2 Hv: 0.797802
Time to forward Hv: 0.035801
Time to back Hv: 0.013446
Time to back2 Hv: 0.793947
Time to forward Hv: 0.038990
Time to back Hv: 0.016212
Time to back2 Hv: 0.797500
Time to forward Hv: 0.035880
Time to back Hv: 0.015554
Time to back2 Hv: 0.794974
Time to forward Hv: 0.035251
Time to back Hv: 0.015268
Time to back2 Hv: 0.793019
Time to forward Hv: 0.035319
Time to back Hv: 0.016596
Time to back2 Hv: 0.793936
Time to reduce Hv: 0.049892
6
Time to forward Hv: 0.012908
Time to back Hv: 0.018621
Time to back2 Hv: 0.778758
Time to forward Hv: 0.037596
Time to back Hv: 0.017355
Time to back2 Hv: 0.784208
Time to forward Hv: 0.035345
Time to back Hv: 0.016099
Time to back2 Hv: 0.784693
Time to forward Hv: 0.035706
Time to back Hv: 0.017512
Time to back2 Hv: 0.785961
Time to forward Hv: 0.035292
Time to back Hv: 0.018054
Time to back2 Hv: 0.782609
Time to forward Hv: 0.035534
Time to back Hv: 0.016237
Time to back2 Hv: 0.783861
Time to forward Hv: 0.035580
Time to back Hv: 0.017573
Time to back2 Hv: 0.784809
Time to forward Hv: 0.038901
Time to back Hv: 0.016407
Time to back2 Hv: 0.783892
Time to forward Hv: 0.038900
Time to back Hv: 0.009365
Time to back2 Hv: 0.787403
Time to forward Hv: 0.038688
Time to back Hv: 0.018393
Time to back2 Hv: 0.782493
Time to forward Hv: 0.036112
Time to back Hv: 0.016557
Time to back2 Hv: 0.782987
Time to forward Hv: 0.035065
Time to back Hv: 0.016671
Time to back2 Hv: 0.784506
Time to forward Hv: 0.035644
Time to back Hv: 0.015666
Time to back2 Hv: 0.783168
Time to forward Hv: 0.035425
Time to back Hv: 0.015167
Time to back2 Hv: 0.789697
Time to forward Hv: 0.035567
Time to back Hv: 0.018019
Time to back2 Hv: 0.790034
Time to forward Hv: 0.035319
Time to back Hv: 0.016045
Time to back2 Hv: 0.786804
Time to forward Hv: 0.035411
Time to back Hv: 0.015871
Time to back2 Hv: 0.787322
Time to forward Hv: 0.035400
Time to back Hv: 0.016175
Time to back2 Hv: 0.789336
Time to forward Hv: 0.035501
Time to back Hv: 0.018698
Time to back2 Hv: 0.787089
Time to forward Hv: 0.036602
Time to back Hv: 0.016853
Time to back2 Hv: 0.786520
Time to forward Hv: 0.038942
Time to back Hv: 0.017152
Time to back2 Hv: 0.782768
Time to forward Hv: 0.038870
Time to back Hv: 0.017036
Time to back2 Hv: 0.780889
Time to forward Hv: 0.035382
Time to back Hv: 0.014400
Time to back2 Hv: 0.783928
Time to forward Hv: 0.035659
Time to back Hv: 0.022642
Time to back2 Hv: 0.786853
Time to forward Hv: 0.035738
Time to back Hv: 0.015854
Time to back2 Hv: 0.784674
Time to forward Hv: 0.035684
Time to back Hv: 0.017590
Time to back2 Hv: 0.785045
Time to forward Hv: 0.035312
Time to back Hv: 0.017555
Time to back2 Hv: 0.782537
Time to forward Hv: 0.035349
Time to back Hv: 0.018617
Time to back2 Hv: 0.784157
Time to forward Hv: 0.035517
Time to back Hv: 0.018642
Time to back2 Hv: 0.785185
Time to forward Hv: 0.035390
Time to back Hv: 0.015941
Time to back2 Hv: 0.782458
Time to forward Hv: 0.035244
Time to back Hv: 0.021412
Time to back2 Hv: 0.785837
Time to forward Hv: 0.035375
Time to back Hv: 0.009506
Time to back2 Hv: 0.784229
Time to forward Hv: 0.035389
Time to back Hv: 0.016795
Time to back2 Hv: 0.784490
Time to forward Hv: 0.034743
Time to back Hv: 0.018115
Time to back2 Hv: 0.783687
Time to forward Hv: 0.036333
Time to back Hv: 0.018226
Time to back2 Hv: 0.781568
Time to forward Hv: 0.035270
Time to back Hv: 0.009449
Time to back2 Hv: 0.783323
Time to forward Hv: 0.035302
Time to back Hv: 0.009458
Time to back2 Hv: 0.784882
Time to forward Hv: 0.039016
Time to back Hv: 0.012513
Time to back2 Hv: 0.783508
Time to forward Hv: 0.038999
Time to back Hv: 0.016443
Time to back2 Hv: 0.782178
Time to forward Hv: 0.035210
Time to back Hv: 0.016573
Time to back2 Hv: 0.783783
Time to reduce Hv: 0.051890
7
Time to forward Hv: 0.012764
Time to back Hv: 0.018268
Time to back2 Hv: 0.779903
Time to forward Hv: 0.037728
Time to back Hv: 0.017654
Time to back2 Hv: 0.785668
Time to forward Hv: 0.039056
Time to back Hv: 0.015830
Time to back2 Hv: 0.783082
Time to forward Hv: 0.037648
Time to back Hv: 0.014919
Time to back2 Hv: 0.787045
Time to forward Hv: 0.039101
Time to back Hv: 0.015338
Time to back2 Hv: 0.790685
Time to forward Hv: 0.038763
Time to back Hv: 0.009379
Time to back2 Hv: 0.789050
Time to forward Hv: 0.036169
Time to back Hv: 0.010689
Time to back2 Hv: 0.785936
Time to forward Hv: 0.036929
Time to back Hv: 0.013030
Time to back2 Hv: 0.786530
Time to forward Hv: 0.036977
Time to back Hv: 0.011072
Time to back2 Hv: 0.786644
Time to forward Hv: 0.036751
Time to back Hv: 0.010433
Time to back2 Hv: 0.789124
Time to forward Hv: 0.036894
Time to back Hv: 0.011645
Time to back2 Hv: 0.784530
Time to forward Hv: 0.035429
Time to back Hv: 0.013008
Time to back2 Hv: 0.785283
Time to forward Hv: 0.035302
Time to back Hv: 0.013275
Time to back2 Hv: 0.782670
Time to forward Hv: 0.035445
Time to back Hv: 0.010964
Time to back2 Hv: 0.786127
Time to forward Hv: 0.036939
Time to back Hv: 0.011781
Time to back2 Hv: 0.784770
Time to forward Hv: 0.035802
Time to back Hv: 0.012995
Time to back2 Hv: 0.786986
Time to forward Hv: 0.035821
Time to back Hv: 0.011199
Time to back2 Hv: 0.785061
Time to forward Hv: 0.035508
Time to back Hv: 0.012440
Time to back2 Hv: 0.784311
Time to forward Hv: 0.035366
Time to back Hv: 0.010748
Time to back2 Hv: 0.785898
Time to forward Hv: 0.036066
Time to back Hv: 0.011494
Time to back2 Hv: 0.783456
Time to forward Hv: 0.035346
Time to back Hv: 0.012002
Time to back2 Hv: 0.786062
Time to forward Hv: 0.035280
Time to back Hv: 0.010863
Time to back2 Hv: 0.785892
Time to forward Hv: 0.035319
Time to back Hv: 0.012210
Time to back2 Hv: 0.784138
Time to forward Hv: 0.035319
Time to back Hv: 0.010535
Time to back2 Hv: 0.783809
Time to forward Hv: 0.035426
Time to back Hv: 0.013391
Time to back2 Hv: 0.782824
Time to forward Hv: 0.035264
Time to back Hv: 0.011460
Time to back2 Hv: 0.786485
Time to forward Hv: 0.036665
Time to back Hv: 0.011301
Time to back2 Hv: 0.786608
Time to forward Hv: 0.038934
Time to back Hv: 0.010636
Time to back2 Hv: 0.783631
Time to forward Hv: 0.039017
Time to back Hv: 0.012648
Time to back2 Hv: 0.783405
Time to forward Hv: 0.037137
Time to back Hv: 0.012816
Time to back2 Hv: 0.784901
Time to forward Hv: 0.035947
Time to back Hv: 0.011622
Time to back2 Hv: 0.786891
Time to forward Hv: 0.035758
Time to back Hv: 0.011134
Time to back2 Hv: 0.785640
Time to forward Hv: 0.035398
Time to back Hv: 0.012909
Time to back2 Hv: 0.788215
Time to forward Hv: 0.035408
Time to back Hv: 0.012037
Time to back2 Hv: 0.790320
Time to forward Hv: 0.035337
Time to back Hv: 0.011907
Time to back2 Hv: 0.788562
Time to forward Hv: 0.035699
Time to back Hv: 0.013066
Time to back2 Hv: 0.787941
Time to forward Hv: 0.035456
Time to back Hv: 0.012212
Time to back2 Hv: 0.790340
Time to forward Hv: 0.035712
Time to back Hv: 0.011394
Time to back2 Hv: 0.788144
Time to forward Hv: 0.037057
Time to back Hv: 0.012158
Time to back2 Hv: 0.783781
Time to forward Hv: 0.035590
Time to back Hv: 0.013141
Time to back2 Hv: 0.784147
Time to reduce Hv: 0.038897
8
Time to forward Hv: 0.008362
Time to back Hv: 0.018682
Time to back2 Hv: 0.788504
Time to forward Hv: 0.036427
Time to back Hv: 0.011626
Time to back2 Hv: 0.792244
Time to forward Hv: 0.037403
Time to back Hv: 0.011875
Time to back2 Hv: 0.793994
Time to forward Hv: 0.032280
Time to back Hv: 0.010602
Time to back2 Hv: 0.791047
Time to forward Hv: 0.035357
Time to back Hv: 0.013647
Time to back2 Hv: 0.794916
Time to forward Hv: 0.035638
Time to back Hv: 0.011933
Time to back2 Hv: 0.795027
Time to forward Hv: 0.035301
Time to back Hv: 0.011966
Time to back2 Hv: 0.793438
Time to forward Hv: 0.035555
Time to back Hv: 0.010951
Time to back2 Hv: 0.795573
Time to forward Hv: 0.035550
Time to back Hv: 0.010880
Time to back2 Hv: 0.794197
Time to forward Hv: 0.039024
Time to back Hv: 0.011730
Time to back2 Hv: 0.790704
Time to forward Hv: 0.038861
Time to back Hv: 0.007802
Time to back2 Hv: 0.791069
Time to forward Hv: 0.038521
Time to back Hv: 0.007921
Time to back2 Hv: 0.793147
Time to forward Hv: 0.041182
Time to back Hv: 0.011281
Time to back2 Hv: 0.789984
Time to forward Hv: 0.036927
Time to back Hv: 0.010984
Time to back2 Hv: 0.793587
Time to forward Hv: 0.035661
Time to back Hv: 0.011428
Time to back2 Hv: 0.793587
Time to forward Hv: 0.038571
Time to back Hv: 0.012403
Time to back2 Hv: 0.788552
Time to forward Hv: 0.039099
Time to back Hv: 0.010650
Time to back2 Hv: 0.787311
Time to forward Hv: 0.038593
Time to back Hv: 0.012957
Time to back2 Hv: 0.789341
Time to forward Hv: 0.035295
Time to back Hv: 0.013031
Time to back2 Hv: 0.797479
Time to forward Hv: 0.035131
Time to back Hv: 0.012854
Time to back2 Hv: 0.795888
Time to forward Hv: 0.035280
Time to back Hv: 0.011122
Time to back2 Hv: 0.796188
Time to forward Hv: 0.035366
Time to back Hv: 0.011599
Time to back2 Hv: 0.797154
Time to forward Hv: 0.035269
Time to back Hv: 0.013147
Time to back2 Hv: 0.793154
Time to forward Hv: 0.035415
Time to back Hv: 0.018462
Time to back2 Hv: 0.792036
Time to forward Hv: 0.038048
Time to back Hv: 0.012985
Time to back2 Hv: 0.790504
Time to forward Hv: 0.035671
Time to back Hv: 0.013691
Time to back2 Hv: 0.792141
Time to forward Hv: 0.035573
Time to back Hv: 0.013148
Time to back2 Hv: 0.790185
Time to forward Hv: 0.035513
Time to back Hv: 0.013504
Time to back2 Hv: 0.794117
Time to forward Hv: 0.035222
Time to back Hv: 0.010809
Time to back2 Hv: 0.794101
Time to forward Hv: 0.035755
Time to back Hv: 0.012754
Time to back2 Hv: 0.793028
Time to forward Hv: 0.035581
Time to back Hv: 0.011917
Time to back2 Hv: 0.792915
Time to forward Hv: 0.035330
Time to back Hv: 0.013439
Time to back2 Hv: 0.795780
Time to forward Hv: 0.035399
Time to back Hv: 0.016696
Time to back2 Hv: 0.793570
Time to forward Hv: 0.035709
Time to back Hv: 0.011863
Time to back2 Hv: 0.788007
Time to forward Hv: 0.037039
Time to back Hv: 0.011424
Time to back2 Hv: 0.789937
Time to forward Hv: 0.038768
Time to back Hv: 0.008286
Time to back2 Hv: 0.793680
Time to forward Hv: 0.037278
Time to back Hv: 0.009924
Time to back2 Hv: 0.790544
Time to forward Hv: 0.035624
Time to back Hv: 0.007838
Time to back2 Hv: 0.792025
Time to forward Hv: 0.038879
Time to back Hv: 0.008057
Time to back2 Hv: 0.796951
Time to forward Hv: 0.035476
Time to back Hv: 0.008138
Time to back2 Hv: 0.797079
Time to reduce Hv: 0.047770
9
Time to forward Hv: 0.012165
Time to back Hv: 0.009269
Time to back2 Hv: 0.793186
Time to forward Hv: 0.037699
Time to back Hv: 0.014101
Time to back2 Hv: 0.793878
Time to forward Hv: 0.038731
Time to back Hv: 0.011299
Time to back2 Hv: 0.792171
Time to forward Hv: 0.037416
Time to back Hv: 0.012491
Time to back2 Hv: 0.794854
Time to forward Hv: 0.037693
Time to back Hv: 0.013950
Time to back2 Hv: 0.792666
Time to forward Hv: 0.038131
Time to back Hv: 0.007779
Time to back2 Hv: 0.794444
Time to forward Hv: 0.033741
Time to back Hv: 0.010362
Time to back2 Hv: 0.789377
Time to forward Hv: 0.040153
Time to back Hv: 0.011474
Time to back2 Hv: 0.792014
Time to forward Hv: 0.035215
Time to back Hv: 0.011667
Time to back2 Hv: 0.793286
Time to forward Hv: 0.038774
Time to back Hv: 0.010880
Time to back2 Hv: 0.788422
Time to forward Hv: 0.035221
Time to back Hv: 0.011899
Time to back2 Hv: 0.793020
Time to forward Hv: 0.035270
Time to back Hv: 0.013292
Time to back2 Hv: 0.795737
Time to forward Hv: 0.034958
Time to back Hv: 0.011188
Time to back2 Hv: 0.791319
Time to forward Hv: 0.035142
Time to back Hv: 0.012033
Time to back2 Hv: 0.798033
Time to forward Hv: 0.037454
Time to back Hv: 0.011754
Time to back2 Hv: 0.792523
Time to forward Hv: 0.035250
Time to back Hv: 0.013521
Time to back2 Hv: 0.792047
Time to forward Hv: 0.035062
Time to back Hv: 0.012604
Time to back2 Hv: 0.793788
Time to forward Hv: 0.035086
Time to back Hv: 0.012626
Time to back2 Hv: 0.794026
Time to forward Hv: 0.035161
Time to back Hv: 0.012530
Time to back2 Hv: 0.795144
Time to forward Hv: 0.035226
Time to back Hv: 0.013436
Time to back2 Hv: 0.792920
Time to forward Hv: 0.035120
Time to back Hv: 0.013406
Time to back2 Hv: 0.791684
Time to forward Hv: 0.038842
Time to back Hv: 0.012968
Time to back2 Hv: 0.790951
Time to forward Hv: 0.035742
Time to back Hv: 0.012439
Time to back2 Hv: 0.795580
Time to forward Hv: 0.035592
Time to back Hv: 0.013555
Time to back2 Hv: 0.798125
Time to forward Hv: 0.035464
Time to back Hv: 0.011351
Time to back2 Hv: 0.797658
Time to forward Hv: 0.035623
Time to back Hv: 0.013431
Time to back2 Hv: 0.796725
Time to forward Hv: 0.035351
Time to back Hv: 0.013180
Time to back2 Hv: 0.794560
Time to forward Hv: 0.035220
Time to back Hv: 0.011223
Time to back2 Hv: 0.796341
Time to forward Hv: 0.035249
Time to back Hv: 0.011994
Time to back2 Hv: 0.795229
Time to forward Hv: 0.035174
Time to back Hv: 0.012292
Time to back2 Hv: 0.792667
Time to forward Hv: 0.035144
Time to back Hv: 0.010980
Time to back2 Hv: 0.792798
Time to forward Hv: 0.035312
Time to back Hv: 0.011897
Time to back2 Hv: 0.794526
Time to forward Hv: 0.035331
Time to back Hv: 0.011714
Time to back2 Hv: 0.790383
Time to forward Hv: 0.034663
Time to back Hv: 0.013144
Time to back2 Hv: 0.788955
Time to forward Hv: 0.039022
Time to back Hv: 0.011251
Time to back2 Hv: 0.789348
Time to forward Hv: 0.037302
Time to back Hv: 0.013358
Time to back2 Hv: 0.790652
Time to forward Hv: 0.035074
Time to back Hv: 0.011830
Time to back2 Hv: 0.794637
Time to forward Hv: 0.035197
Time to back Hv: 0.011463
Time to back2 Hv: 0.793618
Time to forward Hv: 0.038330
Time to back Hv: 0.012874
Time to back2 Hv: 0.794050
Time to forward Hv: 0.035670
Time to back Hv: 0.013154
Time to back2 Hv: 0.791260
Time to reduce Hv: 0.043491
Time to total Hv: 341.962497
[148.76283264160156]
Time to compute top eigenvalue: 345.951095