mini_hessian_batch_size 200
hessian_batch_size 8000
seed 1
batch_norm True
residual True
cuda True
resume checkpoints/net.pkl
eigenvalue False
trace True
density False
ip 172.17.0.3
device_count 1
Files already downloaded and verified
[40]
0
Time to bcast Hv: 0.012190
Time to forward Hv: 0.384695
Time to back Hv: 0.014193
Time to back2 Hv: 0.804057
Time to forward Hv: 0.039182
Time to back Hv: 0.018902
Time to back2 Hv: 0.780079
Time to forward Hv: 0.033856
Time to back Hv: 0.009997
Time to back2 Hv: 0.783798
Time to forward Hv: 0.036089
Time to back Hv: 0.019121
Time to back2 Hv: 0.785781
Time to forward Hv: 0.031464
Time to back Hv: 0.012297
Time to back2 Hv: 0.785696
Time to forward Hv: 0.039047
Time to back Hv: 0.010571
Time to back2 Hv: 0.781412
Time to forward Hv: 0.039315
Time to back Hv: 0.015005
Time to back2 Hv: 0.784259
Time to forward Hv: 0.032427
Time to back Hv: 0.016303
Time to back2 Hv: 0.788823
Time to forward Hv: 0.035998
Time to back Hv: 0.019661
Time to back2 Hv: 0.794378
Time to forward Hv: 0.033690
Time to back Hv: 0.016944
Time to back2 Hv: 0.788386
Time to forward Hv: 0.035812
Time to back Hv: 0.019547
Time to back2 Hv: 0.790468
Time to forward Hv: 0.036052
Time to back Hv: 0.018540
Time to back2 Hv: 0.789405
Time to forward Hv: 0.036085
Time to back Hv: 0.018595
Time to back2 Hv: 0.785740
Time to forward Hv: 0.039597
Time to back Hv: 0.017606
Time to back2 Hv: 0.781860
Time to forward Hv: 0.034941
Time to back Hv: 0.021882
Time to back2 Hv: 0.788380
Time to forward Hv: 0.036477
Time to back Hv: 0.016909
Time to back2 Hv: 0.788368
Time to forward Hv: 0.036172
Time to back Hv: 0.018836
Time to back2 Hv: 0.789302
Time to forward Hv: 0.035542
Time to back Hv: 0.017724
Time to back2 Hv: 0.791675
Time to forward Hv: 0.039643
Time to back Hv: 0.019100
Time to back2 Hv: 0.787503
Time to forward Hv: 0.039029
Time to back Hv: 0.018706
Time to back2 Hv: 0.784061
Time to forward Hv: 0.035995
Time to back Hv: 0.017097
Time to back2 Hv: 0.789892
Time to forward Hv: 0.034581
Time to back Hv: 0.017460
Time to back2 Hv: 0.788924
Time to forward Hv: 0.034891
Time to back Hv: 0.010789
Time to back2 Hv: 0.784839
Time to forward Hv: 0.031994
Time to back Hv: 0.011869
Time to back2 Hv: 0.784948
Time to forward Hv: 0.034642
Time to back Hv: 0.010861
Time to back2 Hv: 0.788104
Time to forward Hv: 0.038921
Time to back Hv: 0.007596
Time to back2 Hv: 0.789538
Time to forward Hv: 0.036124
Time to back Hv: 0.007787
Time to back2 Hv: 0.788422
Time to forward Hv: 0.034588
Time to back Hv: 0.013180
Time to back2 Hv: 0.784339
Time to forward Hv: 0.034725
Time to back Hv: 0.007876
Time to back2 Hv: 0.787837
Time to forward Hv: 0.035280
Time to back Hv: 0.012454
Time to back2 Hv: 0.788231
Time to forward Hv: 0.035205
Time to back Hv: 0.014090
Time to back2 Hv: 0.789082
Time to forward Hv: 0.035131
Time to back Hv: 0.014019
Time to back2 Hv: 0.790424
Time to forward Hv: 0.035648
Time to back Hv: 0.017826
Time to back2 Hv: 0.790647
Time to forward Hv: 0.037204
Time to back Hv: 0.016644
Time to back2 Hv: 0.788246
Time to forward Hv: 0.035310
Time to back Hv: 0.017923
Time to back2 Hv: 0.793628
Time to forward Hv: 0.035426
Time to back Hv: 0.019088
Time to back2 Hv: 0.789786
Time to forward Hv: 0.036407
Time to back Hv: 0.014992
Time to back2 Hv: 0.787124
Time to forward Hv: 0.039413
Time to back Hv: 0.014186
Time to back2 Hv: 0.791185
Time to forward Hv: 0.035380
Time to back Hv: 0.018815
Time to back2 Hv: 0.791162
Time to forward Hv: 0.035567
Time to back Hv: 0.015986
Time to back2 Hv: 0.791819
Time to reduce Hv: 0.043680
1
Time to bcast Hv: 0.017056
Time to forward Hv: 0.015743
Time to back Hv: 0.015022
Time to back2 Hv: 0.783797
Time to forward Hv: 0.036466
Time to back Hv: 0.016365
Time to back2 Hv: 0.786947
Time to forward Hv: 0.036813
Time to back Hv: 0.014846
Time to back2 Hv: 0.785235
Time to forward Hv: 0.036548
Time to back Hv: 0.014699
Time to back2 Hv: 0.790736
Time to forward Hv: 0.034885
Time to back Hv: 0.018494
Time to back2 Hv: 0.793039
Time to forward Hv: 0.034853
Time to back Hv: 0.017926
Time to back2 Hv: 0.793059
Time to forward Hv: 0.035616
Time to back Hv: 0.015855
Time to back2 Hv: 0.794481
Time to forward Hv: 0.035496
Time to back Hv: 0.018654
Time to back2 Hv: 0.788901
Time to forward Hv: 0.039160
Time to back Hv: 0.009348
Time to back2 Hv: 0.787775
Time to forward Hv: 0.032912
Time to back Hv: 0.018597
Time to back2 Hv: 0.788627
Time to forward Hv: 0.035560
Time to back Hv: 0.012144
Time to back2 Hv: 0.792367
Time to forward Hv: 0.037037
Time to back Hv: 0.009842
Time to back2 Hv: 0.791522
Time to forward Hv: 0.036948
Time to back Hv: 0.015593
Time to back2 Hv: 0.791323
Time to forward Hv: 0.035824
Time to back Hv: 0.016673
Time to back2 Hv: 0.791161
Time to forward Hv: 0.035630
Time to back Hv: 0.017562
Time to back2 Hv: 0.787984
Time to forward Hv: 0.032173
Time to back Hv: 0.010371
Time to back2 Hv: 0.788822
Time to forward Hv: 0.037009
Time to back Hv: 0.015507
Time to back2 Hv: 0.787292
Time to forward Hv: 0.039722
Time to back Hv: 0.016599
Time to back2 Hv: 0.789513
Time to forward Hv: 0.038652
Time to back Hv: 0.014737
Time to back2 Hv: 0.792634
Time to forward Hv: 0.034463
Time to back Hv: 0.016399
Time to back2 Hv: 0.792375
Time to forward Hv: 0.036258
Time to back Hv: 0.018464
Time to back2 Hv: 0.792413
Time to forward Hv: 0.036352
Time to back Hv: 0.019173
Time to back2 Hv: 0.792942
Time to forward Hv: 0.035767
Time to back Hv: 0.017135
Time to back2 Hv: 0.792760
Time to forward Hv: 0.035955
Time to back Hv: 0.013790
Time to back2 Hv: 0.793860
Time to forward Hv: 0.036083
Time to back Hv: 0.018985
Time to back2 Hv: 0.794138
Time to forward Hv: 0.036333
Time to back Hv: 0.015986
Time to back2 Hv: 0.795405
Time to forward Hv: 0.035754
Time to back Hv: 0.016018
Time to back2 Hv: 0.796739
Time to forward Hv: 0.035892
Time to back Hv: 0.019192
Time to back2 Hv: 0.795560
Time to forward Hv: 0.035151
Time to back Hv: 0.016413
Time to back2 Hv: 0.791720
Time to forward Hv: 0.035490
Time to back Hv: 0.017701
Time to back2 Hv: 0.791723
Time to forward Hv: 0.039028
Time to back Hv: 0.009601
Time to back2 Hv: 0.791000
Time to forward Hv: 0.039600
Time to back Hv: 0.016369
Time to back2 Hv: 0.787170
Time to forward Hv: 0.038913
Time to back Hv: 0.009650
Time to back2 Hv: 0.786240
Time to forward Hv: 0.036017
Time to back Hv: 0.010192
Time to back2 Hv: 0.785398
Time to forward Hv: 0.035520
Time to back Hv: 0.010865
Time to back2 Hv: 0.784866
Time to forward Hv: 0.035466
Time to back Hv: 0.010158
Time to back2 Hv: 0.789842
Time to forward Hv: 0.035281
Time to back Hv: 0.008761
Time to back2 Hv: 0.790742
Time to forward Hv: 0.036255
Time to back Hv: 0.014986
Time to back2 Hv: 0.788553
Time to forward Hv: 0.034675
Time to back Hv: 0.015986
Time to back2 Hv: 0.787927
Time to forward Hv: 0.035444
Time to back Hv: 0.016165
Time to back2 Hv: 0.785604
Time to reduce Hv: 0.044223
2
Time to bcast Hv: 0.008615
Time to forward Hv: 0.009098
Time to back Hv: 0.010428
Time to back2 Hv: 0.788058
Time to forward Hv: 0.038011
Time to back Hv: 0.017377
Time to back2 Hv: 0.794818
Time to forward Hv: 0.035686
Time to back Hv: 0.015135
Time to back2 Hv: 0.796502
Time to forward Hv: 0.035213
Time to back Hv: 0.015942
Time to back2 Hv: 0.799027
Time to forward Hv: 0.035260
Time to back Hv: 0.018823
Time to back2 Hv: 0.799525
Time to forward Hv: 0.035639
Time to back Hv: 0.014708
Time to back2 Hv: 0.790306
Time to forward Hv: 0.038397
Time to back Hv: 0.010343
Time to back2 Hv: 0.794263
Time to forward Hv: 0.035490
Time to back Hv: 0.015720
Time to back2 Hv: 0.797018
Time to forward Hv: 0.036229
Time to back Hv: 0.016613
Time to back2 Hv: 0.797135
Time to forward Hv: 0.036966
Time to back Hv: 0.009499
Time to back2 Hv: 0.797735
Time to forward Hv: 0.035472
Time to back Hv: 0.017001
Time to back2 Hv: 0.797414
Time to forward Hv: 0.034339
Time to back Hv: 0.015826
Time to back2 Hv: 0.799866
Time to forward Hv: 0.035738
Time to back Hv: 0.016008
Time to back2 Hv: 0.796026
Time to forward Hv: 0.035433
Time to back Hv: 0.014109
Time to back2 Hv: 0.795852
Time to forward Hv: 0.037502
Time to back Hv: 0.017722
Time to back2 Hv: 0.793654
Time to forward Hv: 0.035693
Time to back Hv: 0.017199
Time to back2 Hv: 0.795905
Time to forward Hv: 0.035751
Time to back Hv: 0.015994
Time to back2 Hv: 0.793559
Time to forward Hv: 0.036553
Time to back Hv: 0.011596
Time to back2 Hv: 0.791226
Time to forward Hv: 0.036865
Time to back Hv: 0.009465
Time to back2 Hv: 0.797234
Time to forward Hv: 0.034751
Time to back Hv: 0.020794
Time to back2 Hv: 0.791559
Time to forward Hv: 0.035654
Time to back Hv: 0.011913
Time to back2 Hv: 0.799197
Time to forward Hv: 0.035724
Time to back Hv: 0.018009
Time to back2 Hv: 0.795742
Time to forward Hv: 0.036159
Time to back Hv: 0.016736
Time to back2 Hv: 0.798519
Time to forward Hv: 0.036028
Time to back Hv: 0.017793
Time to back2 Hv: 0.796997
Time to forward Hv: 0.035654
Time to back Hv: 0.019069
Time to back2 Hv: 0.798296
Time to forward Hv: 0.035356
Time to back Hv: 0.017907
Time to back2 Hv: 0.800575
Time to forward Hv: 0.035649
Time to back Hv: 0.016754
Time to back2 Hv: 0.799694
Time to forward Hv: 0.035758
Time to back Hv: 0.016392
Time to back2 Hv: 0.799439
Time to forward Hv: 0.039039
Time to back Hv: 0.016362
Time to back2 Hv: 0.794076
Time to forward Hv: 0.035471
Time to back Hv: 0.009418
Time to back2 Hv: 0.795541
Time to forward Hv: 0.038951
Time to back Hv: 0.011883
Time to back2 Hv: 0.792354
Time to forward Hv: 0.038881
Time to back Hv: 0.008056
Time to back2 Hv: 0.793352
Time to forward Hv: 0.038819
Time to back Hv: 0.012727
Time to back2 Hv: 0.792054
Time to forward Hv: 0.035792
Time to back Hv: 0.012237
Time to back2 Hv: 0.794841
Time to forward Hv: 0.038438
Time to back Hv: 0.012429
Time to back2 Hv: 0.794178
Time to forward Hv: 0.038987
Time to back Hv: 0.011181
Time to back2 Hv: 0.791378
Time to forward Hv: 0.038583
Time to back Hv: 0.010215
Time to back2 Hv: 0.792964
Time to forward Hv: 0.037182
Time to back Hv: 0.012218
Time to back2 Hv: 0.792066
Time to forward Hv: 0.035199
Time to back Hv: 0.016974
Time to back2 Hv: 0.790537
Time to forward Hv: 0.036146
Time to back Hv: 0.011597
Time to back2 Hv: 0.790201
Time to reduce Hv: 0.046975
3
Time to bcast Hv: 0.008981
Time to forward Hv: 0.009437
Time to back Hv: 0.010058
Time to back2 Hv: 0.790288
Time to forward Hv: 0.040544
Time to back Hv: 0.009545
Time to back2 Hv: 0.796845
Time to forward Hv: 0.035225
Time to back Hv: 0.015207
Time to back2 Hv: 0.795481
Time to forward Hv: 0.030817
Time to back Hv: 0.015154
Time to back2 Hv: 0.797367
Time to forward Hv: 0.038841
Time to back Hv: 0.014862
Time to back2 Hv: 0.792620
Time to forward Hv: 0.038689
Time to back Hv: 0.011186
Time to back2 Hv: 0.801347
Time to forward Hv: 0.038741
Time to back Hv: 0.018238
Time to back2 Hv: 0.797954
Time to forward Hv: 0.038889
Time to back Hv: 0.012045
Time to back2 Hv: 0.801163
Time to forward Hv: 0.035673
Time to back Hv: 0.019049
Time to back2 Hv: 0.799307
Time to forward Hv: 0.035391
Time to back Hv: 0.013113
Time to back2 Hv: 0.798022
Time to forward Hv: 0.035372
Time to back Hv: 0.014395
Time to back2 Hv: 0.793321
Time to forward Hv: 0.034659
Time to back Hv: 0.016655
Time to back2 Hv: 0.791416
Time to forward Hv: 0.038954
Time to back Hv: 0.009052
Time to back2 Hv: 0.790478
Time to forward Hv: 0.037216
Time to back Hv: 0.013213
Time to back2 Hv: 0.793145
Time to forward Hv: 0.036028
Time to back Hv: 0.015773
Time to back2 Hv: 0.790360
Time to forward Hv: 0.034593
Time to back Hv: 0.015392
Time to back2 Hv: 0.791930
Time to forward Hv: 0.035646
Time to back Hv: 0.017805
Time to back2 Hv: 0.796721
Time to forward Hv: 0.035706
Time to back Hv: 0.018729
Time to back2 Hv: 0.794220
Time to forward Hv: 0.038957
Time to back Hv: 0.016854
Time to back2 Hv: 0.794102
Time to forward Hv: 0.035580
Time to back Hv: 0.019067
Time to back2 Hv: 0.795556
Time to forward Hv: 0.035880
Time to back Hv: 0.019187
Time to back2 Hv: 0.794922
Time to forward Hv: 0.035905
Time to back Hv: 0.016172
Time to back2 Hv: 0.794970
Time to forward Hv: 0.035907
Time to back Hv: 0.014618
Time to back2 Hv: 0.796215
Time to forward Hv: 0.038941
Time to back Hv: 0.011573
Time to back2 Hv: 0.789979
Time to forward Hv: 0.035809
Time to back Hv: 0.015608
Time to back2 Hv: 0.793891
Time to forward Hv: 0.037858
Time to back Hv: 0.017007
Time to back2 Hv: 0.795937
Time to forward Hv: 0.035551
Time to back Hv: 0.016839
Time to back2 Hv: 0.796712
Time to forward Hv: 0.036064
Time to back Hv: 0.019353
Time to back2 Hv: 0.791713
Time to forward Hv: 0.037374
Time to back Hv: 0.017836
Time to back2 Hv: 0.793247
Time to forward Hv: 0.037137
Time to back Hv: 0.012837
Time to back2 Hv: 0.793058
Time to forward Hv: 0.035545
Time to back Hv: 0.018744
Time to back2 Hv: 0.796778
Time to forward Hv: 0.035960
Time to back Hv: 0.015178
Time to back2 Hv: 0.795181
Time to forward Hv: 0.035769
Time to back Hv: 0.016439
Time to back2 Hv: 0.799631
Time to forward Hv: 0.035940
Time to back Hv: 0.016462
Time to back2 Hv: 0.799574
Time to forward Hv: 0.038253
Time to back Hv: 0.017694
Time to back2 Hv: 0.799529
Time to forward Hv: 0.039025
Time to back Hv: 0.014663
Time to back2 Hv: 0.793463
Time to forward Hv: 0.035282
Time to back Hv: 0.011853
Time to back2 Hv: 0.801506
Time to forward Hv: 0.035724
Time to back Hv: 0.015766
Time to back2 Hv: 0.800705
Time to forward Hv: 0.035863
Time to back Hv: 0.018920
Time to back2 Hv: 0.796995
Time to forward Hv: 0.035827
Time to back Hv: 0.016611
Time to back2 Hv: 0.795208
Time to reduce Hv: 0.049128
4
Time to bcast Hv: 0.010655
Time to forward Hv: 0.010561
Time to back Hv: 0.010457
Time to back2 Hv: 0.787903
Time to forward Hv: 0.038456
Time to back Hv: 0.019168
Time to back2 Hv: 0.795460
Time to forward Hv: 0.039874
Time to back Hv: 0.010805
Time to back2 Hv: 0.796744
Time to forward Hv: 0.034846
Time to back Hv: 0.015843
Time to back2 Hv: 0.796214
Time to forward Hv: 0.035480
Time to back Hv: 0.017904
Time to back2 Hv: 0.796884
Time to forward Hv: 0.035083
Time to back Hv: 0.016829
Time to back2 Hv: 0.797264
Time to forward Hv: 0.032486
Time to back Hv: 0.009746
Time to back2 Hv: 0.792857
Time to forward Hv: 0.037454
Time to back Hv: 0.012810
Time to back2 Hv: 0.791159
Time to forward Hv: 0.039278
Time to back Hv: 0.017040
Time to back2 Hv: 0.788256
Time to forward Hv: 0.039061
Time to back Hv: 0.009275
Time to back2 Hv: 0.795169
Time to forward Hv: 0.036286
Time to back Hv: 0.018871
Time to back2 Hv: 0.797056
Time to forward Hv: 0.039065
Time to back Hv: 0.018696
Time to back2 Hv: 0.791622
Time to forward Hv: 0.038902
Time to back Hv: 0.010820
Time to back2 Hv: 0.797881
Time to forward Hv: 0.035199
Time to back Hv: 0.017698
Time to back2 Hv: 0.797749
Time to forward Hv: 0.035580
Time to back Hv: 0.016429
Time to back2 Hv: 0.803444
Time to forward Hv: 0.035715
Time to back Hv: 0.019171
Time to back2 Hv: 0.802843
Time to forward Hv: 0.035520
Time to back Hv: 0.018862
Time to back2 Hv: 0.801847
Time to forward Hv: 0.035906
Time to back Hv: 0.017849
Time to back2 Hv: 0.800946
Time to forward Hv: 0.036008
Time to back Hv: 0.018601
Time to back2 Hv: 0.801330
Time to forward Hv: 0.034584
Time to back Hv: 0.014670
Time to back2 Hv: 0.795649
Time to forward Hv: 0.039116
Time to back Hv: 0.009897
Time to back2 Hv: 0.793572
Time to forward Hv: 0.038638
Time to back Hv: 0.009613
Time to back2 Hv: 0.793079
Time to forward Hv: 0.034643
Time to back Hv: 0.013295
Time to back2 Hv: 0.794154
Time to forward Hv: 0.034976
Time to back Hv: 0.011464
Time to back2 Hv: 0.793502
Time to forward Hv: 0.035302
Time to back Hv: 0.018908
Time to back2 Hv: 0.793566
Time to forward Hv: 0.035491
Time to back Hv: 0.018177
Time to back2 Hv: 0.798904
Time to forward Hv: 0.035233
Time to back Hv: 0.016345
Time to back2 Hv: 0.798209
Time to forward Hv: 0.035928
Time to back Hv: 0.016404
Time to back2 Hv: 0.799345
Time to forward Hv: 0.036390
Time to back Hv: 0.019293
Time to back2 Hv: 0.796360
Time to forward Hv: 0.035612
Time to back Hv: 0.016340
Time to back2 Hv: 0.798878
Time to forward Hv: 0.035422
Time to back Hv: 0.015544
Time to back2 Hv: 0.793317
Time to forward Hv: 0.039198
Time to back Hv: 0.010204
Time to back2 Hv: 0.798924
Time to forward Hv: 0.031181
Time to back Hv: 0.016156
Time to back2 Hv: 0.794649
Time to forward Hv: 0.038535
Time to back Hv: 0.018155
Time to back2 Hv: 0.789065
Time to forward Hv: 0.033813
Time to back Hv: 0.013677
Time to back2 Hv: 0.793804
Time to forward Hv: 0.037582
Time to back Hv: 0.017790
Time to back2 Hv: 0.796703
Time to forward Hv: 0.039084
Time to back Hv: 0.012340
Time to back2 Hv: 0.794434
Time to forward Hv: 0.039125
Time to back Hv: 0.009768
Time to back2 Hv: 0.797672
Time to forward Hv: 0.035049
Time to back Hv: 0.018802
Time to back2 Hv: 0.799872
Time to forward Hv: 0.035678
Time to back Hv: 0.015714
Time to back2 Hv: 0.802478
Time to reduce Hv: 0.044153
5
Time to bcast Hv: 0.008394
Time to forward Hv: 0.008636
Time to back Hv: 0.009478
Time to back2 Hv: 0.799490
Time to forward Hv: 0.038038
Time to back Hv: 0.016094
Time to back2 Hv: 0.801098
Time to forward Hv: 0.039232
Time to back Hv: 0.010152
Time to back2 Hv: 0.798791
Time to forward Hv: 0.035442
Time to back Hv: 0.018067
Time to back2 Hv: 0.799286
Time to forward Hv: 0.035594
Time to back Hv: 0.014136
Time to back2 Hv: 0.798476
Time to forward Hv: 0.037366
Time to back Hv: 0.018417
Time to back2 Hv: 0.794503
Time to forward Hv: 0.035289
Time to back Hv: 0.013134
Time to back2 Hv: 0.788996
Time to forward Hv: 0.039173
Time to back Hv: 0.019521
Time to back2 Hv: 0.795093
Time to forward Hv: 0.036027
Time to back Hv: 0.019159
Time to back2 Hv: 0.795291
Time to forward Hv: 0.038971
Time to back Hv: 0.017131
Time to back2 Hv: 0.795304
Time to forward Hv: 0.035230
Time to back Hv: 0.019162
Time to back2 Hv: 0.795157
Time to forward Hv: 0.035404
Time to back Hv: 0.016584
Time to back2 Hv: 0.794151
Time to forward Hv: 0.035341
Time to back Hv: 0.010306
Time to back2 Hv: 0.793571
Time to forward Hv: 0.034721
Time to back Hv: 0.009277
Time to back2 Hv: 0.792565
Time to forward Hv: 0.038912
Time to back Hv: 0.010183
Time to back2 Hv: 0.795318
Time to forward Hv: 0.038704
Time to back Hv: 0.011472
Time to back2 Hv: 0.795747
Time to forward Hv: 0.035515
Time to back Hv: 0.015029
Time to back2 Hv: 0.794342
Time to forward Hv: 0.035254
Time to back Hv: 0.010087
Time to back2 Hv: 0.793488
Time to forward Hv: 0.034672
Time to back Hv: 0.009823
Time to back2 Hv: 0.791183
Time to forward Hv: 0.035794
Time to back Hv: 0.020523
Time to back2 Hv: 0.798496
Time to forward Hv: 0.036044
Time to back Hv: 0.016117
Time to back2 Hv: 0.797259
Time to forward Hv: 0.035835
Time to back Hv: 0.010165
Time to back2 Hv: 0.793204
Time to forward Hv: 0.035029
Time to back Hv: 0.010176
Time to back2 Hv: 0.797278
Time to forward Hv: 0.035389
Time to back Hv: 0.015750
Time to back2 Hv: 0.793161
Time to forward Hv: 0.038896
Time to back Hv: 0.009630
Time to back2 Hv: 0.793029
Time to forward Hv: 0.035333
Time to back Hv: 0.015143
Time to back2 Hv: 0.798641
Time to forward Hv: 0.036390
Time to back Hv: 0.010158
Time to back2 Hv: 0.794286
Time to forward Hv: 0.035701
Time to back Hv: 0.009677
Time to back2 Hv: 0.797461
Time to forward Hv: 0.035698
Time to back Hv: 0.015334
Time to back2 Hv: 0.792696
Time to forward Hv: 0.035456
Time to back Hv: 0.015264
Time to back2 Hv: 0.797514
Time to forward Hv: 0.036035
Time to back Hv: 0.017944
Time to back2 Hv: 0.797815
Time to forward Hv: 0.035151
Time to back Hv: 0.015440
Time to back2 Hv: 0.796766
Time to forward Hv: 0.034966
Time to back Hv: 0.009240
Time to back2 Hv: 0.799865
Time to forward Hv: 0.035398
Time to back Hv: 0.018568
Time to back2 Hv: 0.802471
Time to forward Hv: 0.037982
Time to back Hv: 0.017190
Time to back2 Hv: 0.798606
Time to forward Hv: 0.035408
Time to back Hv: 0.009581
Time to back2 Hv: 0.794823
Time to forward Hv: 0.034968
Time to back Hv: 0.009564
Time to back2 Hv: 0.795467
Time to forward Hv: 0.038872
Time to back Hv: 0.015616
Time to back2 Hv: 0.791083
Time to forward Hv: 0.039112
Time to back Hv: 0.010884
Time to back2 Hv: 0.797372
Time to forward Hv: 0.035782
Time to back Hv: 0.015756
Time to back2 Hv: 0.800626
Time to reduce Hv: 0.052056
6
Time to bcast Hv: 0.012297
Time to forward Hv: 0.011731
Time to back Hv: 0.012275
Time to back2 Hv: 0.793121
Time to forward Hv: 0.037910
Time to back Hv: 0.015216
Time to back2 Hv: 0.792895
Time to forward Hv: 0.035441
Time to back Hv: 0.018280
Time to back2 Hv: 0.793652
Time to forward Hv: 0.035631
Time to back Hv: 0.016247
Time to back2 Hv: 0.789283
Time to forward Hv: 0.033391
Time to back Hv: 0.009725
Time to back2 Hv: 0.787463
Time to forward Hv: 0.038255
Time to back Hv: 0.009878
Time to back2 Hv: 0.790603
Time to forward Hv: 0.035764
Time to back Hv: 0.009517
Time to back2 Hv: 0.794413
Time to forward Hv: 0.035048
Time to back Hv: 0.015204
Time to back2 Hv: 0.791139
Time to forward Hv: 0.034752
Time to back Hv: 0.015686
Time to back2 Hv: 0.788032
Time to forward Hv: 0.038471
Time to back Hv: 0.013731
Time to back2 Hv: 0.788597
Time to forward Hv: 0.036260
Time to back Hv: 0.012769
Time to back2 Hv: 0.788480
Time to forward Hv: 0.035112
Time to back Hv: 0.021373
Time to back2 Hv: 0.792056
Time to forward Hv: 0.034792
Time to back Hv: 0.017068
Time to back2 Hv: 0.793597
Time to forward Hv: 0.036483
Time to back Hv: 0.016687
Time to back2 Hv: 0.788373
Time to forward Hv: 0.039217
Time to back Hv: 0.012406
Time to back2 Hv: 0.790009
Time to forward Hv: 0.035833
Time to back Hv: 0.018057
Time to back2 Hv: 0.795465
Time to forward Hv: 0.035754
Time to back Hv: 0.018765
Time to back2 Hv: 0.794097
Time to forward Hv: 0.035608
Time to back Hv: 0.015965
Time to back2 Hv: 0.795451
Time to forward Hv: 0.035864
Time to back Hv: 0.016837
Time to back2 Hv: 0.799992
Time to forward Hv: 0.035953
Time to back Hv: 0.017045
Time to back2 Hv: 0.795454
Time to forward Hv: 0.035234
Time to back Hv: 0.014374
Time to back2 Hv: 0.790279
Time to forward Hv: 0.035517
Time to back Hv: 0.016684
Time to back2 Hv: 0.794568
Time to forward Hv: 0.035911
Time to back Hv: 0.015752
Time to back2 Hv: 0.789647
Time to forward Hv: 0.039197
Time to back Hv: 0.009830
Time to back2 Hv: 0.790486
Time to forward Hv: 0.035050
Time to back Hv: 0.015067
Time to back2 Hv: 0.790761
Time to forward Hv: 0.034966
Time to back Hv: 0.019802
Time to back2 Hv: 0.793094
Time to forward Hv: 0.035705
Time to back Hv: 0.019145
Time to back2 Hv: 0.792577
Time to forward Hv: 0.035155
Time to back Hv: 0.015103
Time to back2 Hv: 0.795768
Time to forward Hv: 0.035866
Time to back Hv: 0.018776
Time to back2 Hv: 0.791957
Time to forward Hv: 0.034867
Time to back Hv: 0.014443
Time to back2 Hv: 0.789839
Time to forward Hv: 0.035533
Time to back Hv: 0.018557
Time to back2 Hv: 0.790794
Time to forward Hv: 0.035512
Time to back Hv: 0.015763
Time to back2 Hv: 0.791059
Time to forward Hv: 0.039166
Time to back Hv: 0.010031
Time to back2 Hv: 0.787886
Time to forward Hv: 0.033731
Time to back Hv: 0.016713
Time to back2 Hv: 0.786139
Time to forward Hv: 0.036729
Time to back Hv: 0.017731
Time to back2 Hv: 0.784894
Time to forward Hv: 0.034292
Time to back Hv: 0.013084
Time to back2 Hv: 0.793606
Time to forward Hv: 0.035147
Time to back Hv: 0.017330
Time to back2 Hv: 0.794919
Time to forward Hv: 0.035375
Time to back Hv: 0.018844
Time to back2 Hv: 0.795103
Time to forward Hv: 0.035871
Time to back Hv: 0.018784
Time to back2 Hv: 0.794276
Time to forward Hv: 0.035442
Time to back Hv: 0.015685
Time to back2 Hv: 0.795622
Time to reduce Hv: 0.050324
7
Time to bcast Hv: 0.010834
Time to forward Hv: 0.010332
Time to back Hv: 0.010535
Time to back2 Hv: 0.787036
Time to forward Hv: 0.037901
Time to back Hv: 0.017563
Time to back2 Hv: 0.790678
Time to forward Hv: 0.035571
Time to back Hv: 0.015585
Time to back2 Hv: 0.792520
Time to forward Hv: 0.035130
Time to back Hv: 0.018946
Time to back2 Hv: 0.793974
Time to forward Hv: 0.034723
Time to back Hv: 0.011820
Time to back2 Hv: 0.794391
Time to forward Hv: 0.035503
Time to back Hv: 0.013043
Time to back2 Hv: 0.795973
Time to forward Hv: 0.035534
Time to back Hv: 0.017737
Time to back2 Hv: 0.793538
Time to forward Hv: 0.035585
Time to back Hv: 0.016509
Time to back2 Hv: 0.793956
Time to forward Hv: 0.035531
Time to back Hv: 0.017527
Time to back2 Hv: 0.794703
Time to forward Hv: 0.035428
Time to back Hv: 0.015674
Time to back2 Hv: 0.791831
Time to forward Hv: 0.034597
Time to back Hv: 0.014871
Time to back2 Hv: 0.788707
Time to forward Hv: 0.035003
Time to back Hv: 0.009742
Time to back2 Hv: 0.790606
Time to forward Hv: 0.034831
Time to back Hv: 0.009756
Time to back2 Hv: 0.790874
Time to forward Hv: 0.035367
Time to back Hv: 0.015962
Time to back2 Hv: 0.793858
Time to forward Hv: 0.035350
Time to back Hv: 0.019420
Time to back2 Hv: 0.790569
Time to forward Hv: 0.035374
Time to back Hv: 0.010018
Time to back2 Hv: 0.790360
Time to forward Hv: 0.035326
Time to back Hv: 0.017224
Time to back2 Hv: 0.788612
Time to forward Hv: 0.035431
Time to back Hv: 0.017339
Time to back2 Hv: 0.787005
Time to forward Hv: 0.034547
Time to back Hv: 0.014671
Time to back2 Hv: 0.787539
Time to forward Hv: 0.037178
Time to back Hv: 0.010953
Time to back2 Hv: 0.788700
Time to forward Hv: 0.035326
Time to back Hv: 0.015445
Time to back2 Hv: 0.791627
Time to forward Hv: 0.038387
Time to back Hv: 0.010479
Time to back2 Hv: 0.789748
Time to forward Hv: 0.036831
Time to back Hv: 0.014596
Time to back2 Hv: 0.789531
Time to forward Hv: 0.038825
Time to back Hv: 0.016233
Time to back2 Hv: 0.786663
Time to forward Hv: 0.033060
Time to back Hv: 0.015527
Time to back2 Hv: 0.790205
Time to forward Hv: 0.039018
Time to back Hv: 0.017658
Time to back2 Hv: 0.789621
Time to forward Hv: 0.035030
Time to back Hv: 0.016995
Time to back2 Hv: 0.793197
Time to forward Hv: 0.038949
Time to back Hv: 0.009178
Time to back2 Hv: 0.788822
Time to forward Hv: 0.034732
Time to back Hv: 0.012052
Time to back2 Hv: 0.787029
Time to forward Hv: 0.034422
Time to back Hv: 0.010405
Time to back2 Hv: 0.793828
Time to forward Hv: 0.034906
Time to back Hv: 0.014862
Time to back2 Hv: 0.790416
Time to forward Hv: 0.035000
Time to back Hv: 0.014477
Time to back2 Hv: 0.790241
Time to forward Hv: 0.035021
Time to back Hv: 0.007757
Time to back2 Hv: 0.792336
Time to forward Hv: 0.034820
Time to back Hv: 0.007783
Time to back2 Hv: 0.796502
Time to forward Hv: 0.034278
Time to back Hv: 0.018250
Time to back2 Hv: 0.788931
Time to forward Hv: 0.036741
Time to back Hv: 0.008043
Time to back2 Hv: 0.787632
Time to forward Hv: 0.034766
Time to back Hv: 0.007937
Time to back2 Hv: 0.790170
Time to forward Hv: 0.034840
Time to back Hv: 0.013443
Time to back2 Hv: 0.788355
Time to forward Hv: 0.034907
Time to back Hv: 0.013940
Time to back2 Hv: 0.790588
Time to forward Hv: 0.035118
Time to back Hv: 0.010068
Time to back2 Hv: 0.790428
Time to reduce Hv: 0.051053
8
Time to bcast Hv: 0.011699
Time to forward Hv: 0.011260
Time to back Hv: 0.011690
Time to back2 Hv: 0.785774
Time to forward Hv: 0.037437
Time to back Hv: 0.016298
Time to back2 Hv: 0.788294
Time to forward Hv: 0.035363
Time to back Hv: 0.018499
Time to back2 Hv: 0.789478
Time to forward Hv: 0.035732
Time to back Hv: 0.018731
Time to back2 Hv: 0.793127
Time to forward Hv: 0.035081
Time to back Hv: 0.013448
Time to back2 Hv: 0.792717
Time to forward Hv: 0.035805
Time to back Hv: 0.017168
Time to back2 Hv: 0.791152
Time to forward Hv: 0.035374
Time to back Hv: 0.018348
Time to back2 Hv: 0.794336
Time to forward Hv: 0.035539
Time to back Hv: 0.016265
Time to back2 Hv: 0.791223
Time to forward Hv: 0.035390
Time to back Hv: 0.016814
Time to back2 Hv: 0.795191
Time to forward Hv: 0.036033
Time to back Hv: 0.016220
Time to back2 Hv: 0.793547
Time to forward Hv: 0.035664
Time to back Hv: 0.019372
Time to back2 Hv: 0.790789
Time to forward Hv: 0.038999
Time to back Hv: 0.010076
Time to back2 Hv: 0.793700
Time to forward Hv: 0.034734
Time to back Hv: 0.016526
Time to back2 Hv: 0.786152
Time to forward Hv: 0.035987
Time to back Hv: 0.015442
Time to back2 Hv: 0.792806
Time to forward Hv: 0.035758
Time to back Hv: 0.009492
Time to back2 Hv: 0.787747
Time to forward Hv: 0.035859
Time to back Hv: 0.018096
Time to back2 Hv: 0.792459
Time to forward Hv: 0.035441
Time to back Hv: 0.017458
Time to back2 Hv: 0.794773
Time to forward Hv: 0.035954
Time to back Hv: 0.018281
Time to back2 Hv: 0.795594
Time to forward Hv: 0.035703
Time to back Hv: 0.015135
Time to back2 Hv: 0.797228
Time to forward Hv: 0.035767
Time to back Hv: 0.017592
Time to back2 Hv: 0.789956
Time to forward Hv: 0.034760
Time to back Hv: 0.011867
Time to back2 Hv: 0.793384
Time to forward Hv: 0.035521
Time to back Hv: 0.018418
Time to back2 Hv: 0.793792
Time to forward Hv: 0.039121
Time to back Hv: 0.009960
Time to back2 Hv: 0.789677
Time to forward Hv: 0.035393
Time to back Hv: 0.012666
Time to back2 Hv: 0.786757
Time to forward Hv: 0.035908
Time to back Hv: 0.015256
Time to back2 Hv: 0.787599
Time to forward Hv: 0.032614
Time to back Hv: 0.016753
Time to back2 Hv: 0.784138
Time to forward Hv: 0.036296
Time to back Hv: 0.014424
Time to back2 Hv: 0.784376
Time to forward Hv: 0.034672
Time to back Hv: 0.008237
Time to back2 Hv: 0.789379
Time to forward Hv: 0.035372
Time to back Hv: 0.014436
Time to back2 Hv: 0.787134
Time to forward Hv: 0.034918
Time to back Hv: 0.013206
Time to back2 Hv: 0.788926
Time to forward Hv: 0.037029
Time to back Hv: 0.010085
Time to back2 Hv: 0.787679
Time to forward Hv: 0.034826
Time to back Hv: 0.014291
Time to back2 Hv: 0.786519
Time to forward Hv: 0.035167
Time to back Hv: 0.007890
Time to back2 Hv: 0.790251
Time to forward Hv: 0.035553
Time to back Hv: 0.017701
Time to back2 Hv: 0.789748
Time to forward Hv: 0.038874
Time to back Hv: 0.009748
Time to back2 Hv: 0.788046
Time to forward Hv: 0.036958
Time to back Hv: 0.009641
Time to back2 Hv: 0.784865
Time to forward Hv: 0.034679
Time to back Hv: 0.009476
Time to back2 Hv: 0.790605
Time to forward Hv: 0.035452
Time to back Hv: 0.013897
Time to back2 Hv: 0.786977
Time to forward Hv: 0.037300
Time to back Hv: 0.018680
Time to back2 Hv: 0.792976
Time to forward Hv: 0.035731
Time to back Hv: 0.016898
Time to back2 Hv: 0.794534
Time to reduce Hv: 0.052523
9
Time to bcast Hv: 0.011999
Time to forward Hv: 0.011453
Time to back Hv: 0.017605
Time to back2 Hv: 0.794798
Time to forward Hv: 0.037792
Time to back Hv: 0.015385
Time to back2 Hv: 0.800000
Time to forward Hv: 0.035530
Time to back Hv: 0.017403
Time to back2 Hv: 0.799862
Time to forward Hv: 0.035178
Time to back Hv: 0.021242
Time to back2 Hv: 0.801317
Time to forward Hv: 0.035420
Time to back Hv: 0.018693
Time to back2 Hv: 0.796960
Time to forward Hv: 0.035187
Time to back Hv: 0.016138
Time to back2 Hv: 0.791157
Time to forward Hv: 0.036957
Time to back Hv: 0.017887
Time to back2 Hv: 0.791363
Time to forward Hv: 0.039102
Time to back Hv: 0.015670
Time to back2 Hv: 0.793769
Time to forward Hv: 0.035818
Time to back Hv: 0.017526
Time to back2 Hv: 0.792493
Time to forward Hv: 0.035766
Time to back Hv: 0.011460
Time to back2 Hv: 0.793344
Time to forward Hv: 0.035530
Time to back Hv: 0.018092
Time to back2 Hv: 0.797755
Time to forward Hv: 0.035685
Time to back Hv: 0.015848
Time to back2 Hv: 0.797174
Time to forward Hv: 0.035292
Time to back Hv: 0.018971
Time to back2 Hv: 0.798332
Time to forward Hv: 0.035413
Time to back Hv: 0.017050
Time to back2 Hv: 0.796811
Time to forward Hv: 0.035274
Time to back Hv: 0.019207
Time to back2 Hv: 0.799727
Time to forward Hv: 0.035369
Time to back Hv: 0.017699
Time to back2 Hv: 0.796553
Time to forward Hv: 0.035635
Time to back Hv: 0.016835
Time to back2 Hv: 0.795960
Time to forward Hv: 0.036314
Time to back Hv: 0.009033
Time to back2 Hv: 0.794745
Time to forward Hv: 0.035823
Time to back Hv: 0.016680
Time to back2 Hv: 0.797239
Time to forward Hv: 0.035730
Time to back Hv: 0.015723
Time to back2 Hv: 0.796097
Time to forward Hv: 0.035342
Time to back Hv: 0.018383
Time to back2 Hv: 0.794840
Time to forward Hv: 0.035679
Time to back Hv: 0.016876
Time to back2 Hv: 0.797101
Time to forward Hv: 0.035439
Time to back Hv: 0.017979
Time to back2 Hv: 0.796681
Time to forward Hv: 0.037606
Time to back Hv: 0.019070
Time to back2 Hv: 0.793959
Time to forward Hv: 0.038951
Time to back Hv: 0.015417
Time to back2 Hv: 0.795043
Time to forward Hv: 0.035202
Time to back Hv: 0.018797
Time to back2 Hv: 0.797425
Time to forward Hv: 0.035321
Time to back Hv: 0.016138
Time to back2 Hv: 0.796656
Time to forward Hv: 0.035414
Time to back Hv: 0.018416
Time to back2 Hv: 0.797318
Time to forward Hv: 0.035320
Time to back Hv: 0.016389
Time to back2 Hv: 0.793884
Time to forward Hv: 0.034941
Time to back Hv: 0.017014
Time to back2 Hv: 0.795023
Time to forward Hv: 0.033286
Time to back Hv: 0.009246
Time to back2 Hv: 0.793968
Time to forward Hv: 0.037868
Time to back Hv: 0.007475
Time to back2 Hv: 0.797352
Time to forward Hv: 0.035095
Time to back Hv: 0.008657
Time to back2 Hv: 0.798613
Time to forward Hv: 0.039273
Time to back Hv: 0.018247
Time to back2 Hv: 0.795248
Time to forward Hv: 0.036466
Time to back Hv: 0.015927
Time to back2 Hv: 0.796004
Time to forward Hv: 0.035883
Time to back Hv: 0.018993
Time to back2 Hv: 0.800435
Time to forward Hv: 0.035788
Time to back Hv: 0.018984
Time to back2 Hv: 0.798901
Time to forward Hv: 0.035602
Time to back Hv: 0.016251
Time to back2 Hv: 0.796622
Time to forward Hv: 0.036520
Time to back Hv: 0.015285
Time to back2 Hv: 0.799003
Time to forward Hv: 0.037164
Time to back Hv: 0.016448
Time to back2 Hv: 0.797404
Time to reduce Hv: 0.046772
10
Time to bcast Hv: 0.008593
Time to forward Hv: 0.008908
Time to back Hv: 0.010165
Time to back2 Hv: 0.792210
Time to forward Hv: 0.037204
Time to back Hv: 0.011522
Time to back2 Hv: 0.791696
Time to forward Hv: 0.038783
Time to back Hv: 0.015810
Time to back2 Hv: 0.787795
Time to forward Hv: 0.034909
Time to back Hv: 0.010164
Time to back2 Hv: 0.789713
Time to forward Hv: 0.037369
Time to back Hv: 0.009699
Time to back2 Hv: 0.793004
Time to forward Hv: 0.035492
Time to back Hv: 0.009573
Time to back2 Hv: 0.792713
Time to forward Hv: 0.035016
Time to back Hv: 0.009468
Time to back2 Hv: 0.790490
Time to forward Hv: 0.034930
Time to back Hv: 0.009541
Time to back2 Hv: 0.792752
Time to forward Hv: 0.035164
Time to back Hv: 0.016665
Time to back2 Hv: 0.794099
Time to forward Hv: 0.034871
Time to back Hv: 0.012616
Time to back2 Hv: 0.795653
Time to forward Hv: 0.034726
Time to back Hv: 0.018205
Time to back2 Hv: 0.788211
Time to forward Hv: 0.035050
Time to back Hv: 0.013888
Time to back2 Hv: 0.794164
Time to forward Hv: 0.038917
Time to back Hv: 0.015832
Time to back2 Hv: 0.792536
Time to forward Hv: 0.038859
Time to back Hv: 0.016601
Time to back2 Hv: 0.795837
Time to forward Hv: 0.037891
Time to back Hv: 0.015458
Time to back2 Hv: 0.796563
Time to forward Hv: 0.036741
Time to back Hv: 0.016271
Time to back2 Hv: 0.797074
Time to forward Hv: 0.035928
Time to back Hv: 0.015429
Time to back2 Hv: 0.793712
Time to forward Hv: 0.030537
Time to back Hv: 0.014457
Time to back2 Hv: 0.790498
Time to forward Hv: 0.037233
Time to back Hv: 0.013983
Time to back2 Hv: 0.793073
Time to forward Hv: 0.035222
Time to back Hv: 0.009528
Time to back2 Hv: 0.791492
Time to forward Hv: 0.039456
Time to back Hv: 0.011640
Time to back2 Hv: 0.791896
Time to forward Hv: 0.035351
Time to back Hv: 0.012067
Time to back2 Hv: 0.795074
Time to forward Hv: 0.035116
Time to back Hv: 0.012684
Time to back2 Hv: 0.796607
Time to forward Hv: 0.035062
Time to back Hv: 0.020298
Time to back2 Hv: 0.792943
Time to forward Hv: 0.039331
Time to back Hv: 0.016516
Time to back2 Hv: 0.794460
Time to forward Hv: 0.035176
Time to back Hv: 0.017609
Time to back2 Hv: 0.794267
Time to forward Hv: 0.039013
Time to back Hv: 0.009834
Time to back2 Hv: 0.790427
Time to forward Hv: 0.036005
Time to back Hv: 0.018965
Time to back2 Hv: 0.796756
Time to forward Hv: 0.037904
Time to back Hv: 0.018014
Time to back2 Hv: 0.795650
Time to forward Hv: 0.039011
Time to back Hv: 0.016217
Time to back2 Hv: 0.795799
Time to forward Hv: 0.038772
Time to back Hv: 0.014628
Time to back2 Hv: 0.792522
Time to forward Hv: 0.035924
Time to back Hv: 0.013147
Time to back2 Hv: 0.796231
Time to forward Hv: 0.035686
Time to back Hv: 0.017268
Time to back2 Hv: 0.796488
Time to forward Hv: 0.035594
Time to back Hv: 0.015305
Time to back2 Hv: 0.797071
Time to forward Hv: 0.035595
Time to back Hv: 0.017298
Time to back2 Hv: 0.796242
Time to forward Hv: 0.034743
Time to back Hv: 0.014697
Time to back2 Hv: 0.793342
Time to forward Hv: 0.038054
Time to back Hv: 0.016468
Time to back2 Hv: 0.794295
Time to forward Hv: 0.039391
Time to back Hv: 0.016182
Time to back2 Hv: 0.793055
Time to forward Hv: 0.038548
Time to back Hv: 0.009530
Time to back2 Hv: 0.794547
Time to forward Hv: 0.036017
Time to back Hv: 0.017878
Time to back2 Hv: 0.799079
Time to reduce Hv: 0.044212
11
Time to bcast Hv: 0.010349
Time to forward Hv: 0.010045
Time to back Hv: 0.010334
Time to back2 Hv: 0.795663
Time to forward Hv: 0.039076
Time to back Hv: 0.014016
Time to back2 Hv: 0.797867
Time to forward Hv: 0.035530
Time to back Hv: 0.015801
Time to back2 Hv: 0.799503
Time to forward Hv: 0.035835
Time to back Hv: 0.019777
Time to back2 Hv: 0.799834
Time to forward Hv: 0.036222
Time to back Hv: 0.016371
Time to back2 Hv: 0.799806
Time to forward Hv: 0.035592
Time to back Hv: 0.017325
Time to back2 Hv: 0.796904
Time to forward Hv: 0.035175
Time to back Hv: 0.017150
Time to back2 Hv: 0.792682
Time to forward Hv: 0.038813
Time to back Hv: 0.009204
Time to back2 Hv: 0.795347
Time to forward Hv: 0.038753
Time to back Hv: 0.013316
Time to back2 Hv: 0.793266
Time to forward Hv: 0.035483
Time to back Hv: 0.016128
Time to back2 Hv: 0.790008
Time to forward Hv: 0.035708
Time to back Hv: 0.018882
Time to back2 Hv: 0.797219
Time to forward Hv: 0.035352
Time to back Hv: 0.017446
Time to back2 Hv: 0.798100
Time to forward Hv: 0.035716
Time to back Hv: 0.020231
Time to back2 Hv: 0.800580
Time to forward Hv: 0.035778
Time to back Hv: 0.019130
Time to back2 Hv: 0.799153
Time to forward Hv: 0.035634
Time to back Hv: 0.018241
Time to back2 Hv: 0.793751
Time to forward Hv: 0.037238
Time to back Hv: 0.009565
Time to back2 Hv: 0.795330
Time to forward Hv: 0.035671
Time to back Hv: 0.015202
Time to back2 Hv: 0.794113
Time to forward Hv: 0.035582
Time to back Hv: 0.015941
Time to back2 Hv: 0.794057
Time to forward Hv: 0.034905
Time to back Hv: 0.012705
Time to back2 Hv: 0.792485
Time to forward Hv: 0.039054
Time to back Hv: 0.011239
Time to back2 Hv: 0.790195
Time to forward Hv: 0.038778
Time to back Hv: 0.014145
Time to back2 Hv: 0.789858
Time to forward Hv: 0.038739
Time to back Hv: 0.018033
Time to back2 Hv: 0.794431
Time to forward Hv: 0.038801
Time to back Hv: 0.015090
Time to back2 Hv: 0.797832
Time to forward Hv: 0.038966
Time to back Hv: 0.018641
Time to back2 Hv: 0.794168
Time to forward Hv: 0.035228
Time to back Hv: 0.016031
Time to back2 Hv: 0.798807
Time to forward Hv: 0.036003
Time to back Hv: 0.019283
Time to back2 Hv: 0.800843
Time to forward Hv: 0.035902
Time to back Hv: 0.017672
Time to back2 Hv: 0.800547
Time to forward Hv: 0.037293
Time to back Hv: 0.016994
Time to back2 Hv: 0.798419
Time to forward Hv: 0.035626
Time to back Hv: 0.019392
Time to back2 Hv: 0.797916
Time to forward Hv: 0.035627
Time to back Hv: 0.018488
Time to back2 Hv: 0.797503
Time to forward Hv: 0.037298
Time to back Hv: 0.009727
Time to back2 Hv: 0.797471
Time to forward Hv: 0.023333
Time to back Hv: 0.008303
Time to back2 Hv: 0.793853
Time to forward Hv: 0.039156
Time to back Hv: 0.009277
Time to back2 Hv: 0.794475
Time to forward Hv: 0.035072
Time to back Hv: 0.008996
Time to back2 Hv: 0.794293
Time to forward Hv: 0.035173
Time to back Hv: 0.013981
Time to back2 Hv: 0.800870
Time to forward Hv: 0.036112
Time to back Hv: 0.018866
Time to back2 Hv: 0.800397
Time to forward Hv: 0.035939
Time to back Hv: 0.016288
Time to back2 Hv: 0.799011
Time to forward Hv: 0.036016
Time to back Hv: 0.018766
Time to back2 Hv: 0.803318
Time to forward Hv: 0.035582
Time to back Hv: 0.014863
Time to back2 Hv: 0.802092
Time to forward Hv: 0.036210
Time to back Hv: 0.017813
Time to back2 Hv: 0.800257
Time to reduce Hv: 0.047085
12
Time to bcast Hv: 0.015730
Time to forward Hv: 0.015781
Time to back Hv: 0.015218
Time to back2 Hv: 0.794078
Time to forward Hv: 0.040804
Time to back Hv: 0.018912
Time to back2 Hv: 0.793186
Time to forward Hv: 0.035738
Time to back Hv: 0.011579
Time to back2 Hv: 0.794428
Time to forward Hv: 0.037210
Time to back Hv: 0.015955
Time to back2 Hv: 0.794206
Time to forward Hv: 0.034832
Time to back Hv: 0.012928
Time to back2 Hv: 0.795419
Time to forward Hv: 0.034823
Time to back Hv: 0.012106
Time to back2 Hv: 0.795429
Time to forward Hv: 0.035678
Time to back Hv: 0.013824
Time to back2 Hv: 0.792938
Time to forward Hv: 0.038550
Time to back Hv: 0.008738
Time to back2 Hv: 0.795759
Time to forward Hv: 0.035194
Time to back Hv: 0.008022
Time to back2 Hv: 0.797628
Time to forward Hv: 0.034812
Time to back Hv: 0.007789
Time to back2 Hv: 0.796921
Time to forward Hv: 0.034383
Time to back Hv: 0.008056
Time to back2 Hv: 0.793277
Time to forward Hv: 0.034964
Time to back Hv: 0.018439
Time to back2 Hv: 0.796332
Time to forward Hv: 0.035606
Time to back Hv: 0.016471
Time to back2 Hv: 0.797996
Time to forward Hv: 0.035339
Time to back Hv: 0.017036
Time to back2 Hv: 0.794871
Time to forward Hv: 0.035055
Time to back Hv: 0.010211
Time to back2 Hv: 0.797235
Time to forward Hv: 0.035041
Time to back Hv: 0.012057
Time to back2 Hv: 0.797815
Time to forward Hv: 0.035000
Time to back Hv: 0.014166
Time to back2 Hv: 0.796231
Time to forward Hv: 0.035348
Time to back Hv: 0.015202
Time to back2 Hv: 0.793289
Time to forward Hv: 0.035047
Time to back Hv: 0.018918
Time to back2 Hv: 0.796732
Time to forward Hv: 0.035370
Time to back Hv: 0.018370
Time to back2 Hv: 0.799514
Time to forward Hv: 0.035209
Time to back Hv: 0.023441
Time to back2 Hv: 0.800853
Time to forward Hv: 0.035817
Time to back Hv: 0.016910
Time to back2 Hv: 0.795975
Time to forward Hv: 0.035476
Time to back Hv: 0.016066
Time to back2 Hv: 0.800991
Time to forward Hv: 0.035609
Time to back Hv: 0.018909
Time to back2 Hv: 0.795434
Time to forward Hv: 0.034935
Time to back Hv: 0.019185
Time to back2 Hv: 0.797015
Time to forward Hv: 0.034901
Time to back Hv: 0.012708
Time to back2 Hv: 0.796261
Time to forward Hv: 0.035544
Time to back Hv: 0.016643
Time to back2 Hv: 0.798165
Time to forward Hv: 0.035761
Time to back Hv: 0.016000
Time to back2 Hv: 0.800659
Time to forward Hv: 0.035378
Time to back Hv: 0.019781
Time to back2 Hv: 0.801972
Time to forward Hv: 0.037551
Time to back Hv: 0.016555
Time to back2 Hv: 0.801073
Time to forward Hv: 0.035347
Time to back Hv: 0.015472
Time to back2 Hv: 0.803043
Time to forward Hv: 0.034684
Time to back Hv: 0.015618
Time to back2 Hv: 0.800017
Time to forward Hv: 0.038385
Time to back Hv: 0.010540
Time to back2 Hv: 0.794813
Time to forward Hv: 0.037114
Time to back Hv: 0.011768
Time to back2 Hv: 0.793315
Time to forward Hv: 0.035368
Time to back Hv: 0.013950
Time to back2 Hv: 0.794727
Time to forward Hv: 0.035001
Time to back Hv: 0.014759
Time to back2 Hv: 0.792109
Time to forward Hv: 0.034862
Time to back Hv: 0.015184
Time to back2 Hv: 0.791782
Time to forward Hv: 0.038679
Time to back Hv: 0.009799
Time to back2 Hv: 0.793486
Time to forward Hv: 0.038913
Time to back Hv: 0.009397
Time to back2 Hv: 0.799136
Time to forward Hv: 0.035817
Time to back Hv: 0.015836
Time to back2 Hv: 0.796249
Time to reduce Hv: 0.043822
Time to total Hv: 454.784780
1761.343505859375
Time to compute trace: 455.113348
